Thu 24 Apr 2025 21:24:31 INFO  ['/root/miniconda3/lib/python3.10/site-packages/ipykernel_launcher.py', '-f', '/root/.local/share/jupyter/runtime/kernel-eaf0a0a2-08d6-4d2d-901e-a45b11fd0be2.json']
Thu 24 Apr 2025 21:24:31 INFO  
General Hyper Parameters:
gpu_id = 0
use_gpu = True
seed = 2020
state = INFO
reproducibility = True
data_path = dataset/retailrocket
checkpoint_dir = saved
show_progress = True
save_dataset = False
dataset_save_path = None
save_dataloaders = False
dataloaders_save_path = None
log_wandb = False

Training Hyper Parameters:
epochs = 500
train_batch_size = 4096
learner = adam
learning_rate = 0.001
train_neg_sample_args = {'distribution': 'none', 'sample_num': 'none', 'alpha': 'none', 'dynamic': False, 'candidate_num': 0}
eval_step = 1
stopping_step = 10
clip_grad_norm = None
weight_decay = 0.0
loss_decimal_place = 4

Evaluation Hyper Parameters:
eval_args = {'split': {'LS': 'valid_and_test'}, 'order': 'TO', 'group_by': 'user', 'mode': {'valid': 'full', 'test': 'full'}}
repeatable = True
metrics = ['Recall', 'MRR', 'NDCG', 'Hit', 'Precision']
topk = [10]
valid_metric = NDCG@10
valid_metric_bigger = True
eval_batch_size = 10240
metric_decimal_place = 4

Dataset Hyper Parameters:
field_separator = 	
seq_separator =  
USER_ID_FIELD = visitor_id
ITEM_ID_FIELD = item_id
RATING_FIELD = rating
TIME_FIELD = timestamp
seq_len = None
LABEL_FIELD = label
threshold = None
NEG_PREFIX = neg_
load_col = {'inter': ['timestamp', 'visitor_id', 'item_id']}
unload_col = None
unused_col = None
additional_feat_suffix = None
rm_dup_inter = None
val_interval = None
filter_inter_by_user_or_item = True
user_inter_num_interval = [0,inf)
item_inter_num_interval = [0,inf)
alias_of_user_id = None
alias_of_item_id = None
alias_of_entity_id = None
alias_of_relation_id = None
preload_weight = None
normalize_field = None
normalize_all = None
ITEM_LIST_LENGTH_FIELD = item_length
LIST_SUFFIX = _list
MAX_ITEM_LIST_LENGTH = 50
POSITION_FIELD = position_id
HEAD_ENTITY_ID_FIELD = head_id
TAIL_ENTITY_ID_FIELD = tail_id
RELATION_ID_FIELD = relation_id
ENTITY_ID_FIELD = entity_id
benchmark_filename = None

Other Hyper Parameters: 
worker = 0
wandb_project = recbole
shuffle = True
require_pow = False
enable_amp = False
enable_scaler = False
transform = None
embedding_size = 128
step = 1
loss_type = CE
numerical_features = []
discretization = None
kg_reverse_r = False
entity_kg_num_interval = [0,inf)
relation_kg_num_interval = [0,inf)
MODEL_TYPE = ModelType.SEQUENTIAL
MODEL_INPUT_TYPE = InputType.POINTWISE
eval_type = EvaluatorType.RANKING
single_spec = True
local_rank = 0
device = cuda
valid_neg_sample_args = {'distribution': 'uniform', 'sample_num': 'none'}
test_neg_sample_args = {'distribution': 'uniform', 'sample_num': 'none'}


Thu 24 Apr 2025 21:24:39 INFO  retailrocket
The number of users: 381092
Average actions of users: 4.018887877173693
The number of items: 86975
Average actions of items: 17.60942350587532
The number of inters: 1531562
The sparsity of the dataset: 99.99537927297332%
Remain Fields: ['timestamp', 'visitor_id', 'item_id']
Thu 24 Apr 2025 21:25:01 INFO  [Training]: train_batch_size = [4096] train_neg_sample_args: [{'distribution': 'none', 'sample_num': 'none', 'alpha': 'none', 'dynamic': False, 'candidate_num': 0}]
Thu 24 Apr 2025 21:25:01 INFO  [Evaluation]: eval_batch_size = [10240] eval_args: [{'split': {'LS': 'valid_and_test'}, 'order': 'TO', 'group_by': 'user', 'mode': {'valid': 'full', 'test': 'full'}}]
Thu 24 Apr 2025 21:25:01 INFO  SRGNN(
  (item_embedding): Embedding(86975, 128, padding_idx=0)
  (gnn): GNN(
    (linear_edge_in): Linear(in_features=128, out_features=128, bias=True)
    (linear_edge_out): Linear(in_features=128, out_features=128, bias=True)
  )
  (linear_one): Linear(in_features=128, out_features=128, bias=True)
  (linear_two): Linear(in_features=128, out_features=128, bias=True)
  (linear_three): Linear(in_features=128, out_features=1, bias=False)
  (linear_transform): Linear(in_features=256, out_features=128, bias=True)
  (loss_fct): CrossEntropyLoss()
)
Trainable parameters: 11380352
Thu 24 Apr 2025 21:25:02 INFO  FLOPs: 2519680.0
Thu 24 Apr 2025 21:28:57 INFO  epoch 0 training [time: 234.88s, train loss: 2075.0680]
Thu 24 Apr 2025 21:29:19 INFO  epoch 0 evaluating [time: 21.69s, valid_score: 0.283600]
Thu 24 Apr 2025 21:29:19 INFO  valid result: 
recall@10 : 0.3434    mrr@10 : 0.2646    ndcg@10 : 0.2836    hit@10 : 0.3434    precision@10 : 0.0343
Thu 24 Apr 2025 21:29:19 INFO  Saving current: saved/SRGNN-Apr-24-2025_21-25-02.pth
Thu 24 Apr 2025 21:33:11 INFO  epoch 1 training [time: 232.46s, train loss: 1430.3124]
Thu 24 Apr 2025 21:33:32 INFO  epoch 1 evaluating [time: 20.63s, valid_score: 0.413000]
Thu 24 Apr 2025 21:33:32 INFO  valid result: 
recall@10 : 0.5407    mrr@10 : 0.3722    ndcg@10 : 0.413    hit@10 : 0.5407    precision@10 : 0.0541
Thu 24 Apr 2025 21:33:32 INFO  Saving current: saved/SRGNN-Apr-24-2025_21-25-02.pth
Thu 24 Apr 2025 21:37:17 INFO  epoch 2 training [time: 225.24s, train loss: 1106.9645]
Thu 24 Apr 2025 21:37:40 INFO  epoch 2 evaluating [time: 22.41s, valid_score: 0.430300]
Thu 24 Apr 2025 21:37:40 INFO  valid result: 
recall@10 : 0.5722    mrr@10 : 0.3851    ndcg@10 : 0.4303    hit@10 : 0.5722    precision@10 : 0.0572
Thu 24 Apr 2025 21:37:40 INFO  Saving current: saved/SRGNN-Apr-24-2025_21-25-02.pth
Thu 24 Apr 2025 21:41:25 INFO  epoch 3 training [time: 225.38s, train loss: 974.1063]
Thu 24 Apr 2025 21:41:47 INFO  epoch 3 evaluating [time: 21.62s, valid_score: 0.436400]
Thu 24 Apr 2025 21:41:47 INFO  valid result: 
recall@10 : 0.5838    mrr@10 : 0.3894    ndcg@10 : 0.4364    hit@10 : 0.5838    precision@10 : 0.0584
Thu 24 Apr 2025 21:41:47 INFO  Saving current: saved/SRGNN-Apr-24-2025_21-25-02.pth
Thu 24 Apr 2025 21:45:51 INFO  epoch 4 training [time: 244.21s, train loss: 896.6392]
Thu 24 Apr 2025 21:46:13 INFO  epoch 4 evaluating [time: 21.67s, valid_score: 0.440700]
Thu 24 Apr 2025 21:46:13 INFO  valid result: 
recall@10 : 0.5895    mrr@10 : 0.3934    ndcg@10 : 0.4407    hit@10 : 0.5895    precision@10 : 0.0589
Thu 24 Apr 2025 21:46:13 INFO  Saving current: saved/SRGNN-Apr-24-2025_21-25-02.pth
Thu 24 Apr 2025 21:50:20 INFO  epoch 5 training [time: 246.53s, train loss: 840.4257]
Thu 24 Apr 2025 21:50:44 INFO  epoch 5 evaluating [time: 24.88s, valid_score: 0.439200]
Thu 24 Apr 2025 21:50:44 INFO  valid result: 
recall@10 : 0.5874    mrr@10 : 0.3921    ndcg@10 : 0.4392    hit@10 : 0.5874    precision@10 : 0.0587
Thu 24 Apr 2025 21:55:14 INFO  epoch 6 training [time: 269.23s, train loss: 793.4680]
Thu 24 Apr 2025 21:55:38 INFO  epoch 6 evaluating [time: 24.28s, valid_score: 0.435900]
Thu 24 Apr 2025 21:55:38 INFO  valid result: 
recall@10 : 0.5833    mrr@10 : 0.389    ndcg@10 : 0.4359    hit@10 : 0.5833    precision@10 : 0.0583
Thu 24 Apr 2025 21:59:47 INFO  epoch 7 training [time: 249.26s, train loss: 750.0222]
Thu 24 Apr 2025 22:00:11 INFO  epoch 7 evaluating [time: 24.06s, valid_score: 0.429700]
Thu 24 Apr 2025 22:00:11 INFO  valid result: 
recall@10 : 0.5757    mrr@10 : 0.3833    ndcg@10 : 0.4297    hit@10 : 0.5757    precision@10 : 0.0576
Thu 24 Apr 2025 22:04:25 INFO  epoch 8 training [time: 253.87s, train loss: 708.2122]
Thu 24 Apr 2025 22:04:49 INFO  epoch 8 evaluating [time: 24.23s, valid_score: 0.421700]
Thu 24 Apr 2025 22:04:49 INFO  valid result: 
recall@10 : 0.5657    mrr@10 : 0.3761    ndcg@10 : 0.4217    hit@10 : 0.5657    precision@10 : 0.0566
Thu 24 Apr 2025 22:09:14 INFO  epoch 9 training [time: 264.60s, train loss: 666.5432]
Thu 24 Apr 2025 22:09:38 INFO  epoch 9 evaluating [time: 23.98s, valid_score: 0.412300]
Thu 24 Apr 2025 22:09:38 INFO  valid result: 
recall@10 : 0.555    mrr@10 : 0.3671    ndcg@10 : 0.4123    hit@10 : 0.555    precision@10 : 0.0555
Thu 24 Apr 2025 22:13:42 INFO  epoch 10 training [time: 244.08s, train loss: 626.9640]
Thu 24 Apr 2025 22:14:06 INFO  epoch 10 evaluating [time: 24.17s, valid_score: 0.402700]
Thu 24 Apr 2025 22:14:06 INFO  valid result: 
recall@10 : 0.5429    mrr@10 : 0.3583    ndcg@10 : 0.4027    hit@10 : 0.5429    precision@10 : 0.0543
Thu 24 Apr 2025 22:18:13 INFO  epoch 11 training [time: 246.87s, train loss: 591.3796]
Thu 24 Apr 2025 22:18:37 INFO  epoch 11 evaluating [time: 24.20s, valid_score: 0.393200]
Thu 24 Apr 2025 22:18:37 INFO  valid result: 
recall@10 : 0.5316    mrr@10 : 0.3495    ndcg@10 : 0.3932    hit@10 : 0.5316    precision@10 : 0.0532
Thu 24 Apr 2025 22:22:48 INFO  epoch 12 training [time: 250.93s, train loss: 559.3645]
Thu 24 Apr 2025 22:23:13 INFO  epoch 12 evaluating [time: 24.56s, valid_score: 0.384600]
Thu 24 Apr 2025 22:23:13 INFO  valid result: 
recall@10 : 0.5223    mrr@10 : 0.3411    ndcg@10 : 0.3846    hit@10 : 0.5223    precision@10 : 0.0522
Thu 24 Apr 2025 22:27:38 INFO  epoch 13 training [time: 265.05s, train loss: 531.9127]
Thu 24 Apr 2025 22:28:03 INFO  epoch 13 evaluating [time: 25.34s, valid_score: 0.379400]
Thu 24 Apr 2025 22:28:03 INFO  valid result: 
recall@10 : 0.5157    mrr@10 : 0.3363    ndcg@10 : 0.3794    hit@10 : 0.5157    precision@10 : 0.0516
Thu 24 Apr 2025 22:32:24 INFO  epoch 14 training [time: 260.23s, train loss: 507.4033]
Thu 24 Apr 2025 22:32:48 INFO  epoch 14 evaluating [time: 24.47s, valid_score: 0.372600]
Thu 24 Apr 2025 22:32:48 INFO  valid result: 
recall@10 : 0.5073    mrr@10 : 0.3301    ndcg@10 : 0.3726    hit@10 : 0.5073    precision@10 : 0.0507
Thu 24 Apr 2025 22:37:08 INFO  epoch 15 training [time: 259.59s, train loss: 486.1819]
Thu 24 Apr 2025 22:37:33 INFO  epoch 15 evaluating [time: 25.18s, valid_score: 0.367900]
Thu 24 Apr 2025 22:37:33 INFO  valid result: 
recall@10 : 0.5012    mrr@10 : 0.3258    ndcg@10 : 0.3679    hit@10 : 0.5012    precision@10 : 0.0501
Thu 24 Apr 2025 22:37:33 INFO  Finished training, best eval result in epoch 4
Thu 24 Apr 2025 22:37:33 INFO  Loading model structure and parameters from saved/SRGNN-Apr-24-2025_21-25-02.pth
Thu 24 Apr 2025 22:38:13 INFO  The running environment of this training is as follows:
+-------------+------------------+
| Environment |      Usage       |
+=============+==================+
| CPU         |      8.70 %      |
+-------------+------------------+
| GPU         | 19.54 G/31.50 G  |
+-------------+------------------+
| Memory      | 3.36 G/1007.51 G |
+-------------+------------------+
Thu 24 Apr 2025 22:38:13 INFO  best valid : OrderedDict([('recall@10', 0.5895), ('mrr@10', 0.3934), ('ndcg@10', 0.4407), ('hit@10', 0.5895), ('precision@10', 0.0589)])
Thu 24 Apr 2025 22:38:13 INFO  test result: OrderedDict([('recall@10', 0.5955), ('mrr@10', 0.4074), ('ndcg@10', 0.453), ('hit@10', 0.5955), ('precision@10', 0.0595)])
