Thu 24 Apr 2025 19:53:32 INFO  ['/root/miniconda3/lib/python3.10/site-packages/ipykernel_launcher.py', '-f', '/root/.local/share/jupyter/runtime/kernel-36e8a2da-5c13-4038-9747-ec06d944ed4f.json']
Thu 24 Apr 2025 19:53:32 INFO  
General Hyper Parameters:
gpu_id = 0
use_gpu = True
seed = 2020
state = INFO
reproducibility = True
data_path = dataset/diginetica
checkpoint_dir = saved
show_progress = True
save_dataset = False
dataset_save_path = None
save_dataloaders = False
dataloaders_save_path = None
log_wandb = False

Training Hyper Parameters:
epochs = 500
train_batch_size = 4096
learner = adam
learning_rate = 0.001
train_neg_sample_args = {'distribution': 'none', 'sample_num': 'none', 'alpha': 'none', 'dynamic': False, 'candidate_num': 0}
eval_step = 1
stopping_step = 10
clip_grad_norm = None
weight_decay = 0.0
loss_decimal_place = 4

Evaluation Hyper Parameters:
eval_args = {'split': {'LS': 'valid_and_test'}, 'order': 'TO', 'group_by': 'user', 'mode': {'valid': 'full', 'test': 'full'}}
repeatable = True
metrics = ['Recall', 'MRR', 'NDCG', 'Hit', 'Precision']
topk = [10]
valid_metric = NDCG@10
valid_metric_bigger = True
eval_batch_size = 40960
metric_decimal_place = 4

Dataset Hyper Parameters:
field_separator = 	
seq_separator =  
USER_ID_FIELD = session_id
ITEM_ID_FIELD = item_id
RATING_FIELD = rating
TIME_FIELD = timestamp
seq_len = None
LABEL_FIELD = label
threshold = None
NEG_PREFIX = neg_
load_col = {'inter': ['session_id', 'item_id', 'timestamp']}
unload_col = None
unused_col = None
additional_feat_suffix = None
rm_dup_inter = None
val_interval = None
filter_inter_by_user_or_item = True
user_inter_num_interval = [0,inf)
item_inter_num_interval = [0,inf)
alias_of_user_id = None
alias_of_item_id = None
alias_of_entity_id = None
alias_of_relation_id = None
preload_weight = None
normalize_field = None
normalize_all = None
ITEM_LIST_LENGTH_FIELD = item_length
LIST_SUFFIX = _list
MAX_ITEM_LIST_LENGTH = 50
POSITION_FIELD = position_id
HEAD_ENTITY_ID_FIELD = head_id
TAIL_ENTITY_ID_FIELD = tail_id
RELATION_ID_FIELD = relation_id
ENTITY_ID_FIELD = entity_id
benchmark_filename = None

Other Hyper Parameters: 
worker = 0
wandb_project = recbole
shuffle = True
require_pow = False
enable_amp = False
enable_scaler = False
transform = None
embedding_size = 128
step = 1
loss_type = CE
numerical_features = []
discretization = None
kg_reverse_r = False
entity_kg_num_interval = [0,inf)
relation_kg_num_interval = [0,inf)
MODEL_TYPE = ModelType.SEQUENTIAL
MODEL_INPUT_TYPE = InputType.POINTWISE
eval_type = EvaluatorType.RANKING
single_spec = True
local_rank = 0
device = cuda
valid_neg_sample_args = {'distribution': 'uniform', 'sample_num': 'none'}
test_neg_sample_args = {'distribution': 'uniform', 'sample_num': 'none'}


Thu 24 Apr 2025 19:53:37 INFO  diginetica
The number of users: 204690
Average actions of users: 4.837343482063032
The number of items: 42255
Average actions of items: 23.43330808917499
The number of inters: 990151
The sparsity of the dataset: 99.98855207703342%
Remain Fields: ['session_id', 'item_id', 'timestamp']
Thu 24 Apr 2025 19:53:56 INFO  [Training]: train_batch_size = [4096] train_neg_sample_args: [{'distribution': 'none', 'sample_num': 'none', 'alpha': 'none', 'dynamic': False, 'candidate_num': 0}]
Thu 24 Apr 2025 19:53:56 INFO  [Evaluation]: eval_batch_size = [40960] eval_args: [{'split': {'LS': 'valid_and_test'}, 'order': 'TO', 'group_by': 'user', 'mode': {'valid': 'full', 'test': 'full'}}]
Thu 24 Apr 2025 19:53:56 INFO  SRGNN(
  (item_embedding): Embedding(42255, 128, padding_idx=0)
  (gnn): GNN(
    (linear_edge_in): Linear(in_features=128, out_features=128, bias=True)
    (linear_edge_out): Linear(in_features=128, out_features=128, bias=True)
  )
  (linear_one): Linear(in_features=128, out_features=128, bias=True)
  (linear_two): Linear(in_features=128, out_features=128, bias=True)
  (linear_three): Linear(in_features=128, out_features=1, bias=False)
  (linear_transform): Linear(in_features=256, out_features=128, bias=True)
  (loss_fct): CrossEntropyLoss()
)
Trainable parameters: 5656192
Thu 24 Apr 2025 19:53:56 INFO  FLOPs: 2519680.0
Thu 24 Apr 2025 19:56:17 INFO  epoch 0 training [time: 140.34s, train loss: 1302.6354]
Thu 24 Apr 2025 19:56:45 INFO  epoch 0 evaluating [time: 27.48s, valid_score: 0.002600]
Thu 24 Apr 2025 19:56:45 INFO  valid result: 
recall@10 : 0.0052    mrr@10 : 0.0018    ndcg@10 : 0.0026    hit@10 : 0.0052    precision@10 : 0.0005
Thu 24 Apr 2025 19:56:45 INFO  Saving current: saved/SRGNN-Apr-24-2025_19-53-56.pth
Thu 24 Apr 2025 19:58:58 INFO  epoch 1 training [time: 133.25s, train loss: 1206.3157]
Thu 24 Apr 2025 19:59:24 INFO  epoch 1 evaluating [time: 25.91s, valid_score: 0.098500]
Thu 24 Apr 2025 19:59:24 INFO  valid result: 
recall@10 : 0.1533    mrr@10 : 0.0816    ndcg@10 : 0.0985    hit@10 : 0.1533    precision@10 : 0.0153
Thu 24 Apr 2025 19:59:24 INFO  Saving current: saved/SRGNN-Apr-24-2025_19-53-56.pth
Thu 24 Apr 2025 20:01:36 INFO  epoch 2 training [time: 132.11s, train loss: 880.9035]
Thu 24 Apr 2025 20:02:01 INFO  epoch 2 evaluating [time: 24.99s, valid_score: 0.199300]
Thu 24 Apr 2025 20:02:01 INFO  valid result: 
recall@10 : 0.3434    mrr@10 : 0.1551    ndcg@10 : 0.1993    hit@10 : 0.3434    precision@10 : 0.0343
Thu 24 Apr 2025 20:02:01 INFO  Saving current: saved/SRGNN-Apr-24-2025_19-53-56.pth
Thu 24 Apr 2025 20:04:02 INFO  epoch 3 training [time: 120.79s, train loss: 682.5408]
Thu 24 Apr 2025 20:04:28 INFO  epoch 3 evaluating [time: 25.52s, valid_score: 0.219700]
Thu 24 Apr 2025 20:04:28 INFO  valid result: 
recall@10 : 0.3824    mrr@10 : 0.1697    ndcg@10 : 0.2197    hit@10 : 0.3824    precision@10 : 0.0382
Thu 24 Apr 2025 20:04:28 INFO  Saving current: saved/SRGNN-Apr-24-2025_19-53-56.pth
Thu 24 Apr 2025 20:06:30 INFO  epoch 4 training [time: 122.69s, train loss: 623.2230]
Thu 24 Apr 2025 20:06:56 INFO  epoch 4 evaluating [time: 25.70s, valid_score: 0.225700]
Thu 24 Apr 2025 20:06:56 INFO  valid result: 
recall@10 : 0.3932    mrr@10 : 0.1742    ndcg@10 : 0.2257    hit@10 : 0.3932    precision@10 : 0.0393
Thu 24 Apr 2025 20:06:56 INFO  Saving current: saved/SRGNN-Apr-24-2025_19-53-56.pth
Thu 24 Apr 2025 20:09:05 INFO  epoch 5 training [time: 128.45s, train loss: 589.3116]
Thu 24 Apr 2025 20:09:31 INFO  epoch 5 evaluating [time: 26.39s, valid_score: 0.228100]
Thu 24 Apr 2025 20:09:31 INFO  valid result: 
recall@10 : 0.3967    mrr@10 : 0.1764    ndcg@10 : 0.2281    hit@10 : 0.3967    precision@10 : 0.0397
Thu 24 Apr 2025 20:09:31 INFO  Saving current: saved/SRGNN-Apr-24-2025_19-53-56.pth
Thu 24 Apr 2025 20:11:33 INFO  epoch 6 training [time: 121.78s, train loss: 560.3524]
Thu 24 Apr 2025 20:11:58 INFO  epoch 6 evaluating [time: 25.34s, valid_score: 0.224100]
Thu 24 Apr 2025 20:11:58 INFO  valid result: 
recall@10 : 0.3909    mrr@10 : 0.1729    ndcg@10 : 0.2241    hit@10 : 0.3909    precision@10 : 0.0391
Thu 24 Apr 2025 20:13:59 INFO  epoch 7 training [time: 120.63s, train loss: 532.0114]
Thu 24 Apr 2025 20:14:27 INFO  epoch 7 evaluating [time: 27.82s, valid_score: 0.219800]
Thu 24 Apr 2025 20:14:27 INFO  valid result: 
recall@10 : 0.3835    mrr@10 : 0.1696    ndcg@10 : 0.2198    hit@10 : 0.3835    precision@10 : 0.0383
Thu 24 Apr 2025 20:16:24 INFO  epoch 8 training [time: 116.78s, train loss: 502.9537]
Thu 24 Apr 2025 20:16:49 INFO  epoch 8 evaluating [time: 25.76s, valid_score: 0.212300]
Thu 24 Apr 2025 20:16:49 INFO  valid result: 
recall@10 : 0.3702    mrr@10 : 0.164    ndcg@10 : 0.2123    hit@10 : 0.3702    precision@10 : 0.037
Thu 24 Apr 2025 20:18:50 INFO  epoch 9 training [time: 120.46s, train loss: 474.0481]
Thu 24 Apr 2025 20:19:15 INFO  epoch 9 evaluating [time: 24.96s, valid_score: 0.205300]
Thu 24 Apr 2025 20:19:15 INFO  valid result: 
recall@10 : 0.3595    mrr@10 : 0.1582    ndcg@10 : 0.2053    hit@10 : 0.3595    precision@10 : 0.036
Thu 24 Apr 2025 20:21:21 INFO  epoch 10 training [time: 126.21s, train loss: 447.3587]
Thu 24 Apr 2025 20:21:48 INFO  epoch 10 evaluating [time: 27.04s, valid_score: 0.198000]
Thu 24 Apr 2025 20:21:48 INFO  valid result: 
recall@10 : 0.3459    mrr@10 : 0.1527    ndcg@10 : 0.198    hit@10 : 0.3459    precision@10 : 0.0346
Thu 24 Apr 2025 20:23:51 INFO  epoch 11 training [time: 123.40s, train loss: 423.5736]
Thu 24 Apr 2025 20:24:14 INFO  epoch 11 evaluating [time: 22.61s, valid_score: 0.191500]
Thu 24 Apr 2025 20:24:14 INFO  valid result: 
recall@10 : 0.336    mrr@10 : 0.1472    ndcg@10 : 0.1915    hit@10 : 0.336    precision@10 : 0.0336
Thu 24 Apr 2025 20:26:14 INFO  epoch 12 training [time: 119.63s, train loss: 403.2775]
Thu 24 Apr 2025 20:26:37 INFO  epoch 12 evaluating [time: 23.05s, valid_score: 0.185600]
Thu 24 Apr 2025 20:26:37 INFO  valid result: 
recall@10 : 0.3259    mrr@10 : 0.1426    ndcg@10 : 0.1856    hit@10 : 0.3259    precision@10 : 0.0326
Thu 24 Apr 2025 20:28:38 INFO  epoch 13 training [time: 121.08s, train loss: 385.5887]
Thu 24 Apr 2025 20:29:02 INFO  epoch 13 evaluating [time: 24.18s, valid_score: 0.182300]
Thu 24 Apr 2025 20:29:02 INFO  valid result: 
recall@10 : 0.3196    mrr@10 : 0.1403    ndcg@10 : 0.1823    hit@10 : 0.3196    precision@10 : 0.032
Thu 24 Apr 2025 20:30:55 INFO  epoch 14 training [time: 112.61s, train loss: 370.2608]
Thu 24 Apr 2025 20:31:19 INFO  epoch 14 evaluating [time: 24.18s, valid_score: 0.176400]
Thu 24 Apr 2025 20:31:19 INFO  valid result: 
recall@10 : 0.31    mrr@10 : 0.1355    ndcg@10 : 0.1764    hit@10 : 0.31    precision@10 : 0.031
Thu 24 Apr 2025 20:33:16 INFO  epoch 15 training [time: 117.27s, train loss: 356.9852]
Thu 24 Apr 2025 20:33:38 INFO  epoch 15 evaluating [time: 22.19s, valid_score: 0.174300]
Thu 24 Apr 2025 20:33:38 INFO  valid result: 
recall@10 : 0.3062    mrr@10 : 0.134    ndcg@10 : 0.1743    hit@10 : 0.3062    precision@10 : 0.0306
Thu 24 Apr 2025 20:35:34 INFO  epoch 16 training [time: 115.66s, train loss: 345.0653]
Thu 24 Apr 2025 20:35:58 INFO  epoch 16 evaluating [time: 23.66s, valid_score: 0.171500]
Thu 24 Apr 2025 20:35:58 INFO  valid result: 
recall@10 : 0.3016    mrr@10 : 0.1317    ndcg@10 : 0.1715    hit@10 : 0.3016    precision@10 : 0.0302
Thu 24 Apr 2025 20:35:58 INFO  Finished training, best eval result in epoch 5
Thu 24 Apr 2025 20:35:58 INFO  Loading model structure and parameters from saved/SRGNN-Apr-24-2025_19-53-56.pth
Thu 24 Apr 2025 20:36:29 INFO  The running environment of this training is as follows:
+-------------+------------------+
| Environment |      Usage       |
+=============+==================+
| CPU         |      6.80 %      |
+-------------+------------------+
| GPU         | 28.31 G/31.50 G  |
+-------------+------------------+
| Memory      | 3.96 G/1007.51 G |
+-------------+------------------+
Thu 24 Apr 2025 20:36:29 INFO  best valid : OrderedDict([('recall@10', 0.3967), ('mrr@10', 0.1764), ('ndcg@10', 0.2281), ('hit@10', 0.3967), ('precision@10', 0.0397)])
Thu 24 Apr 2025 20:36:29 INFO  test result: OrderedDict([('recall@10', 0.4038), ('mrr@10', 0.1886), ('ndcg@10', 0.2392), ('hit@10', 0.4038), ('precision@10', 0.0404)])
