Sun 27 Apr 2025 12:38:39 INFO  ['/root/miniconda3/lib/python3.10/site-packages/ipykernel_launcher.py', '-f', '/root/.local/share/jupyter/runtime/kernel-7bd3c8b1-11c6-401b-a416-1440ad3993ad.json']
Sun 27 Apr 2025 12:38:39 INFO  
General Hyper Parameters:
gpu_id = 0
use_gpu = True
seed = 2020
state = INFO
reproducibility = True
data_path = dataset/diginetica
checkpoint_dir = saved
show_progress = True
save_dataset = False
dataset_save_path = None
save_dataloaders = False
dataloaders_save_path = None
log_wandb = False

Training Hyper Parameters:
epochs = 500
train_batch_size = 4096
learner = adam
learning_rate = 0.001
train_neg_sample_args = {'distribution': 'none', 'sample_num': 'none', 'alpha': 'none', 'dynamic': False, 'candidate_num': 0}
eval_step = 1
stopping_step = 10
clip_grad_norm = None
weight_decay = 0.0
loss_decimal_place = 4

Evaluation Hyper Parameters:
eval_args = {'split': {'LS': 'valid_and_test'}, 'order': 'TO', 'group_by': 'user', 'mode': {'valid': 'full', 'test': 'full'}}
repeatable = True
metrics = ['Recall', 'MRR', 'NDCG', 'Hit', 'Precision']
topk = [10]
valid_metric = NDCG@10
valid_metric_bigger = True
eval_batch_size = 20480
metric_decimal_place = 4

Dataset Hyper Parameters:
field_separator = 	
seq_separator =  
USER_ID_FIELD = session_id
ITEM_ID_FIELD = item_id
RATING_FIELD = rating
TIME_FIELD = timestamp
seq_len = None
LABEL_FIELD = label
threshold = None
NEG_PREFIX = neg_
load_col = {'inter': ['session_id', 'item_id', 'timestamp']}
unload_col = None
unused_col = None
additional_feat_suffix = None
rm_dup_inter = None
val_interval = None
filter_inter_by_user_or_item = True
user_inter_num_interval = [0,inf)
item_inter_num_interval = [0,inf)
alias_of_user_id = None
alias_of_item_id = None
alias_of_entity_id = None
alias_of_relation_id = None
preload_weight = None
normalize_field = None
normalize_all = None
ITEM_LIST_LENGTH_FIELD = item_length
LIST_SUFFIX = _list
MAX_ITEM_LIST_LENGTH = 50
POSITION_FIELD = position_id
HEAD_ENTITY_ID_FIELD = head_id
TAIL_ENTITY_ID_FIELD = tail_id
RELATION_ID_FIELD = relation_id
ENTITY_ID_FIELD = entity_id
benchmark_filename = None

Other Hyper Parameters: 
worker = 0
wandb_project = recbole
shuffle = True
require_pow = False
enable_amp = False
enable_scaler = False
transform = None
weight = 0.6
n_layers = 2
n_heads = 2
hidden_size = 64
inner_size = 256
hidden_dropout_prob = 0.5
attn_dropout_prob = 0.5
hidden_act = gelu
layer_norm_eps = 1e-12
initializer_range = 0.02
step = 1
reg_weight = 5e-05
loss_type = CE
numerical_features = []
discretization = None
kg_reverse_r = False
entity_kg_num_interval = [0,inf)
relation_kg_num_interval = [0,inf)
MODEL_TYPE = ModelType.SEQUENTIAL
embedding_size = 128
MODEL_INPUT_TYPE = InputType.POINTWISE
eval_type = EvaluatorType.RANKING
single_spec = True
local_rank = 0
device = cuda
valid_neg_sample_args = {'distribution': 'uniform', 'sample_num': 'none'}
test_neg_sample_args = {'distribution': 'uniform', 'sample_num': 'none'}


Sun 27 Apr 2025 12:38:43 INFO  diginetica
The number of users: 204690
Average actions of users: 4.837343482063032
The number of items: 42255
Average actions of items: 23.43330808917499
The number of inters: 990151
The sparsity of the dataset: 99.98855207703342%
Remain Fields: ['session_id', 'item_id', 'timestamp']
Sun 27 Apr 2025 12:38:59 INFO  [Training]: train_batch_size = [4096] train_neg_sample_args: [{'distribution': 'none', 'sample_num': 'none', 'alpha': 'none', 'dynamic': False, 'candidate_num': 0}]
Sun 27 Apr 2025 12:38:59 INFO  [Evaluation]: eval_batch_size = [20480] eval_args: [{'split': {'LS': 'valid_and_test'}, 'order': 'TO', 'group_by': 'user', 'mode': {'valid': 'full', 'test': 'full'}}]
Sun 27 Apr 2025 12:38:59 INFO  GCSAN(
  (item_embedding): Embedding(42255, 64, padding_idx=0)
  (gnn): GNN(
    (linear_edge_in): Linear(in_features=64, out_features=64, bias=True)
    (linear_edge_out): Linear(in_features=64, out_features=64, bias=True)
  )
  (self_attention): TransformerEncoder(
    (layer): ModuleList(
      (0-1): 2 x TransformerLayer(
        (multi_head_attention): MultiHeadAttention(
          (query): Linear(in_features=64, out_features=64, bias=True)
          (key): Linear(in_features=64, out_features=64, bias=True)
          (value): Linear(in_features=64, out_features=64, bias=True)
          (softmax): Softmax(dim=-1)
          (attn_dropout): Dropout(p=0.5, inplace=False)
          (dense): Linear(in_features=64, out_features=64, bias=True)
          (LayerNorm): LayerNorm((64,), eps=1e-12, elementwise_affine=True)
          (out_dropout): Dropout(p=0.5, inplace=False)
        )
        (feed_forward): FeedForward(
          (dense_1): Linear(in_features=64, out_features=256, bias=True)
          (dense_2): Linear(in_features=256, out_features=64, bias=True)
          (LayerNorm): LayerNorm((64,), eps=1e-12, elementwise_affine=True)
          (dropout): Dropout(p=0.5, inplace=False)
        )
      )
    )
  )
  (reg_loss): EmbLoss()
  (loss_fct): CrossEntropyLoss()
)
Trainable parameters: 2849856
Sun 27 Apr 2025 12:38:59 INFO  FLOPs: 5383464.0
Sun 27 Apr 2025 12:41:21 INFO  epoch 0 training [time: 141.67s, train loss: 1304.6454]
Sun 27 Apr 2025 12:41:44 INFO  epoch 0 evaluating [time: 22.80s, valid_score: 0.050100]
Sun 27 Apr 2025 12:41:44 INFO  valid result: 
recall@10 : 0.0715    mrr@10 : 0.0435    ndcg@10 : 0.0501    hit@10 : 0.0715    precision@10 : 0.0071
Sun 27 Apr 2025 12:41:44 INFO  Saving current: saved/GCSAN-Apr-27-2025_12-38-59.pth
Sun 27 Apr 2025 12:43:58 INFO  epoch 1 training [time: 133.95s, train loss: 1150.8052]
Sun 27 Apr 2025 12:44:22 INFO  epoch 1 evaluating [time: 23.75s, valid_score: 0.127600]
Sun 27 Apr 2025 12:44:22 INFO  valid result: 
recall@10 : 0.2305    mrr@10 : 0.0962    ndcg@10 : 0.1276    hit@10 : 0.2305    precision@10 : 0.0231
Sun 27 Apr 2025 12:44:22 INFO  Saving current: saved/GCSAN-Apr-27-2025_12-38-59.pth
Sun 27 Apr 2025 12:46:37 INFO  epoch 2 training [time: 134.76s, train loss: 941.2077]
Sun 27 Apr 2025 12:47:07 INFO  epoch 2 evaluating [time: 30.29s, valid_score: 0.148800]
Sun 27 Apr 2025 12:47:07 INFO  valid result: 
recall@10 : 0.2751    mrr@10 : 0.1104    ndcg@10 : 0.1488    hit@10 : 0.2751    precision@10 : 0.0275
Sun 27 Apr 2025 12:47:07 INFO  Saving current: saved/GCSAN-Apr-27-2025_12-38-59.pth
Sun 27 Apr 2025 12:49:55 INFO  epoch 3 training [time: 167.33s, train loss: 793.7886]
Sun 27 Apr 2025 12:50:23 INFO  epoch 3 evaluating [time: 28.67s, valid_score: 0.174000]
Sun 27 Apr 2025 12:50:23 INFO  valid result: 
recall@10 : 0.3175    mrr@10 : 0.1303    ndcg@10 : 0.174    hit@10 : 0.3175    precision@10 : 0.0317
Sun 27 Apr 2025 12:50:23 INFO  Saving current: saved/GCSAN-Apr-27-2025_12-38-59.pth
Sun 27 Apr 2025 12:53:11 INFO  epoch 4 training [time: 168.12s, train loss: 706.9613]
Sun 27 Apr 2025 12:53:35 INFO  epoch 4 evaluating [time: 23.13s, valid_score: 0.195500]
Sun 27 Apr 2025 12:53:35 INFO  valid result: 
recall@10 : 0.3516    mrr@10 : 0.1479    ndcg@10 : 0.1955    hit@10 : 0.3516    precision@10 : 0.0352
Sun 27 Apr 2025 12:53:35 INFO  Saving current: saved/GCSAN-Apr-27-2025_12-38-59.pth
Sun 27 Apr 2025 12:55:59 INFO  epoch 5 training [time: 144.59s, train loss: 652.9592]
Sun 27 Apr 2025 12:56:23 INFO  epoch 5 evaluating [time: 24.29s, valid_score: 0.211400]
Sun 27 Apr 2025 12:56:24 INFO  valid result: 
recall@10 : 0.3774    mrr@10 : 0.1607    ndcg@10 : 0.2114    hit@10 : 0.3774    precision@10 : 0.0377
Sun 27 Apr 2025 12:56:24 INFO  Saving current: saved/GCSAN-Apr-27-2025_12-38-59.pth
Sun 27 Apr 2025 12:58:50 INFO  epoch 6 training [time: 146.45s, train loss: 617.3771]
Sun 27 Apr 2025 12:59:12 INFO  epoch 6 evaluating [time: 21.87s, valid_score: 0.221900]
Sun 27 Apr 2025 12:59:12 INFO  valid result: 
recall@10 : 0.394    mrr@10 : 0.1692    ndcg@10 : 0.2219    hit@10 : 0.394    precision@10 : 0.0394
Sun 27 Apr 2025 12:59:12 INFO  Saving current: saved/GCSAN-Apr-27-2025_12-38-59.pth
Sun 27 Apr 2025 13:01:42 INFO  epoch 7 training [time: 150.24s, train loss: 592.4580]
Sun 27 Apr 2025 13:02:07 INFO  epoch 7 evaluating [time: 24.43s, valid_score: 0.229200]
Sun 27 Apr 2025 13:02:07 INFO  valid result: 
recall@10 : 0.4064    mrr@10 : 0.1749    ndcg@10 : 0.2292    hit@10 : 0.4064    precision@10 : 0.0406
Sun 27 Apr 2025 13:02:07 INFO  Saving current: saved/GCSAN-Apr-27-2025_12-38-59.pth
Sun 27 Apr 2025 13:04:43 INFO  epoch 8 training [time: 156.39s, train loss: 574.3930]
Sun 27 Apr 2025 13:05:10 INFO  epoch 8 evaluating [time: 27.13s, valid_score: 0.234200]
Sun 27 Apr 2025 13:05:10 INFO  valid result: 
recall@10 : 0.4134    mrr@10 : 0.1792    ndcg@10 : 0.2342    hit@10 : 0.4134    precision@10 : 0.0413
Sun 27 Apr 2025 13:05:10 INFO  Saving current: saved/GCSAN-Apr-27-2025_12-38-59.pth
Sun 27 Apr 2025 13:08:02 INFO  epoch 9 training [time: 171.86s, train loss: 560.6785]
Sun 27 Apr 2025 13:08:27 INFO  epoch 9 evaluating [time: 25.10s, valid_score: 0.236600]
Sun 27 Apr 2025 13:08:27 INFO  valid result: 
recall@10 : 0.4173    mrr@10 : 0.1811    ndcg@10 : 0.2366    hit@10 : 0.4173    precision@10 : 0.0417
Sun 27 Apr 2025 13:08:27 INFO  Saving current: saved/GCSAN-Apr-27-2025_12-38-59.pth
Sun 27 Apr 2025 13:11:07 INFO  epoch 10 training [time: 159.12s, train loss: 550.1568]
Sun 27 Apr 2025 13:11:30 INFO  epoch 10 evaluating [time: 23.07s, valid_score: 0.238100]
Sun 27 Apr 2025 13:11:30 INFO  valid result: 
recall@10 : 0.4182    mrr@10 : 0.1827    ndcg@10 : 0.2381    hit@10 : 0.4182    precision@10 : 0.0418
Sun 27 Apr 2025 13:11:30 INFO  Saving current: saved/GCSAN-Apr-27-2025_12-38-59.pth
Sun 27 Apr 2025 13:14:00 INFO  epoch 11 training [time: 150.83s, train loss: 541.6050]
Sun 27 Apr 2025 13:14:24 INFO  epoch 11 evaluating [time: 23.17s, valid_score: 0.239000]
Sun 27 Apr 2025 13:14:24 INFO  valid result: 
recall@10 : 0.4197    mrr@10 : 0.1835    ndcg@10 : 0.239    hit@10 : 0.4197    precision@10 : 0.042
Sun 27 Apr 2025 13:14:24 INFO  Saving current: saved/GCSAN-Apr-27-2025_12-38-59.pth
Sun 27 Apr 2025 13:16:27 INFO  epoch 12 training [time: 123.44s, train loss: 534.5327]
Sun 27 Apr 2025 13:16:50 INFO  epoch 12 evaluating [time: 22.65s, valid_score: 0.239200]
Sun 27 Apr 2025 13:16:50 INFO  valid result: 
recall@10 : 0.4191    mrr@10 : 0.1839    ndcg@10 : 0.2392    hit@10 : 0.4191    precision@10 : 0.0419
Sun 27 Apr 2025 13:16:50 INFO  Saving current: saved/GCSAN-Apr-27-2025_12-38-59.pth
Sun 27 Apr 2025 13:18:54 INFO  epoch 13 training [time: 124.24s, train loss: 528.3783]
Sun 27 Apr 2025 13:19:16 INFO  epoch 13 evaluating [time: 22.18s, valid_score: 0.239200]
Sun 27 Apr 2025 13:19:16 INFO  valid result: 
recall@10 : 0.4175    mrr@10 : 0.1844    ndcg@10 : 0.2392    hit@10 : 0.4175    precision@10 : 0.0417
Sun 27 Apr 2025 13:19:16 INFO  Saving current: saved/GCSAN-Apr-27-2025_12-38-59.pth
Sun 27 Apr 2025 13:21:19 INFO  epoch 14 training [time: 122.45s, train loss: 522.8771]
Sun 27 Apr 2025 13:21:44 INFO  epoch 14 evaluating [time: 25.05s, valid_score: 0.239600]
Sun 27 Apr 2025 13:21:44 INFO  valid result: 
recall@10 : 0.4177    mrr@10 : 0.1849    ndcg@10 : 0.2396    hit@10 : 0.4177    precision@10 : 0.0418
Sun 27 Apr 2025 13:21:44 INFO  Saving current: saved/GCSAN-Apr-27-2025_12-38-59.pth
Sun 27 Apr 2025 13:23:40 INFO  epoch 15 training [time: 116.02s, train loss: 517.6958]
Sun 27 Apr 2025 13:24:02 INFO  epoch 15 evaluating [time: 22.50s, valid_score: 0.238500]
Sun 27 Apr 2025 13:24:02 INFO  valid result: 
recall@10 : 0.4152    mrr@10 : 0.1842    ndcg@10 : 0.2385    hit@10 : 0.4152    precision@10 : 0.0415
Sun 27 Apr 2025 13:26:30 INFO  epoch 16 training [time: 147.05s, train loss: 512.8566]
Sun 27 Apr 2025 13:27:01 INFO  epoch 16 evaluating [time: 31.63s, valid_score: 0.237900]
Sun 27 Apr 2025 13:27:01 INFO  valid result: 
recall@10 : 0.4131    mrr@10 : 0.1841    ndcg@10 : 0.2379    hit@10 : 0.4131    precision@10 : 0.0413
Sun 27 Apr 2025 13:29:40 INFO  epoch 17 training [time: 158.46s, train loss: 507.9816]
Sun 27 Apr 2025 13:30:10 INFO  epoch 17 evaluating [time: 30.71s, valid_score: 0.237300]
Sun 27 Apr 2025 13:30:10 INFO  valid result: 
recall@10 : 0.4121    mrr@10 : 0.1836    ndcg@10 : 0.2373    hit@10 : 0.4121    precision@10 : 0.0412
Sun 27 Apr 2025 13:32:54 INFO  epoch 18 training [time: 164.06s, train loss: 503.1925]
Sun 27 Apr 2025 13:33:20 INFO  epoch 18 evaluating [time: 25.45s, valid_score: 0.236100]
Sun 27 Apr 2025 13:33:20 INFO  valid result: 
recall@10 : 0.4095    mrr@10 : 0.1828    ndcg@10 : 0.2361    hit@10 : 0.4095    precision@10 : 0.041
Sun 27 Apr 2025 13:35:57 INFO  epoch 19 training [time: 156.87s, train loss: 498.2955]
Sun 27 Apr 2025 13:36:23 INFO  epoch 19 evaluating [time: 26.51s, valid_score: 0.235500]
Sun 27 Apr 2025 13:36:23 INFO  valid result: 
recall@10 : 0.4073    mrr@10 : 0.1827    ndcg@10 : 0.2355    hit@10 : 0.4073    precision@10 : 0.0407
Sun 27 Apr 2025 13:39:06 INFO  epoch 20 training [time: 162.79s, train loss: 493.2979]
Sun 27 Apr 2025 13:39:32 INFO  epoch 20 evaluating [time: 26.21s, valid_score: 0.234200]
Sun 27 Apr 2025 13:39:32 INFO  valid result: 
recall@10 : 0.4042    mrr@10 : 0.182    ndcg@10 : 0.2342    hit@10 : 0.4042    precision@10 : 0.0404
Sun 27 Apr 2025 13:42:07 INFO  epoch 21 training [time: 154.31s, train loss: 488.2703]
Sun 27 Apr 2025 13:42:40 INFO  epoch 21 evaluating [time: 33.24s, valid_score: 0.232200]
Sun 27 Apr 2025 13:42:40 INFO  valid result: 
recall@10 : 0.4003    mrr@10 : 0.1806    ndcg@10 : 0.2322    hit@10 : 0.4003    precision@10 : 0.04
Sun 27 Apr 2025 13:45:28 INFO  epoch 22 training [time: 168.07s, train loss: 483.0535]
Sun 27 Apr 2025 13:46:00 INFO  epoch 22 evaluating [time: 32.27s, valid_score: 0.230100]
Sun 27 Apr 2025 13:46:00 INFO  valid result: 
recall@10 : 0.3963    mrr@10 : 0.1791    ndcg@10 : 0.2301    hit@10 : 0.3963    precision@10 : 0.0396
Sun 27 Apr 2025 13:48:44 INFO  epoch 23 training [time: 163.51s, train loss: 477.7685]
Sun 27 Apr 2025 13:49:14 INFO  epoch 23 evaluating [time: 30.11s, valid_score: 0.228800]
Sun 27 Apr 2025 13:49:14 INFO  valid result: 
recall@10 : 0.3935    mrr@10 : 0.1782    ndcg@10 : 0.2288    hit@10 : 0.3935    precision@10 : 0.0394
Sun 27 Apr 2025 13:52:00 INFO  epoch 24 training [time: 166.35s, train loss: 472.3144]
Sun 27 Apr 2025 13:52:28 INFO  epoch 24 evaluating [time: 28.12s, valid_score: 0.226500]
Sun 27 Apr 2025 13:52:28 INFO  valid result: 
recall@10 : 0.3894    mrr@10 : 0.1765    ndcg@10 : 0.2265    hit@10 : 0.3894    precision@10 : 0.0389
Sun 27 Apr 2025 13:55:14 INFO  epoch 25 training [time: 165.57s, train loss: 466.8569]
Sun 27 Apr 2025 13:55:43 INFO  epoch 25 evaluating [time: 29.06s, valid_score: 0.225000]
Sun 27 Apr 2025 13:55:43 INFO  valid result: 
recall@10 : 0.3857    mrr@10 : 0.1758    ndcg@10 : 0.225    hit@10 : 0.3857    precision@10 : 0.0386
Sun 27 Apr 2025 13:55:43 INFO  Finished training, best eval result in epoch 14
Sun 27 Apr 2025 13:55:43 INFO  Loading model structure and parameters from saved/GCSAN-Apr-27-2025_12-38-59.pth
Sun 27 Apr 2025 13:56:17 INFO  The running environment of this training is as follows:
+-------------+------------------+
| Environment |      Usage       |
+=============+==================+
| CPU         |     18.80 %      |
+-------------+------------------+
| GPU         | 25.74 G/31.60 G  |
+-------------+------------------+
| Memory      | 3.28 G/1007.52 G |
+-------------+------------------+
Sun 27 Apr 2025 13:56:17 INFO  best valid : OrderedDict([('recall@10', 0.4177), ('mrr@10', 0.1849), ('ndcg@10', 0.2396), ('hit@10', 0.4177), ('precision@10', 0.0418)])
Sun 27 Apr 2025 13:56:17 INFO  test result: OrderedDict([('recall@10', 0.4217), ('mrr@10', 0.1994), ('ndcg@10', 0.2518), ('hit@10', 0.4217), ('precision@10', 0.0422)])
