Sat 26 Apr 2025 13:12:22 INFO  ['/root/miniconda3/lib/python3.10/site-packages/ipykernel_launcher.py', '-f', '/root/.local/share/jupyter/runtime/kernel-8263d3be-8695-4298-b405-0e8d6c3ef83f.json']
Sat 26 Apr 2025 13:12:22 INFO  
General Hyper Parameters:
gpu_id = 0
use_gpu = True
seed = 2020
state = INFO
reproducibility = True
data_path = dataset/diginetica
checkpoint_dir = saved
show_progress = True
save_dataset = False
dataset_save_path = None
save_dataloaders = False
dataloaders_save_path = None
log_wandb = False

Training Hyper Parameters:
epochs = 500
train_batch_size = 4096
learner = adam
learning_rate = 0.001
train_neg_sample_args = {'distribution': 'none', 'sample_num': 'none', 'alpha': 'none', 'dynamic': False, 'candidate_num': 0}
eval_step = 1
stopping_step = 10
clip_grad_norm = None
weight_decay = 0.0
loss_decimal_place = 4

Evaluation Hyper Parameters:
eval_args = {'split': {'LS': 'valid_and_test'}, 'order': 'TO', 'group_by': 'user', 'mode': {'valid': 'full', 'test': 'full'}}
repeatable = True
metrics = ['Recall', 'MRR', 'NDCG', 'Hit', 'Precision']
topk = [10]
valid_metric = NDCG@10
valid_metric_bigger = True
eval_batch_size = 20480
metric_decimal_place = 4

Dataset Hyper Parameters:
field_separator = 	
seq_separator =  
USER_ID_FIELD = session_id
ITEM_ID_FIELD = item_id
RATING_FIELD = rating
TIME_FIELD = timestamp
seq_len = None
LABEL_FIELD = label
threshold = None
NEG_PREFIX = neg_
load_col = {'inter': ['session_id', 'item_id', 'timestamp']}
unload_col = None
unused_col = None
additional_feat_suffix = None
rm_dup_inter = None
val_interval = None
filter_inter_by_user_or_item = True
user_inter_num_interval = [0,inf)
item_inter_num_interval = [0,inf)
alias_of_user_id = None
alias_of_item_id = None
alias_of_entity_id = None
alias_of_relation_id = None
preload_weight = None
normalize_field = None
normalize_all = None
ITEM_LIST_LENGTH_FIELD = item_length
LIST_SUFFIX = _list
MAX_ITEM_LIST_LENGTH = 50
POSITION_FIELD = position_id
HEAD_ENTITY_ID_FIELD = head_id
TAIL_ENTITY_ID_FIELD = tail_id
RELATION_ID_FIELD = relation_id
ENTITY_ID_FIELD = entity_id
benchmark_filename = None

Other Hyper Parameters: 
worker = 0
wandb_project = recbole
shuffle = True
require_pow = False
enable_amp = False
enable_scaler = False
transform = None
embedding_size = 128
loss_type = CE
pooling_type = average
reg_weight = [0.0, 0.0]
numerical_features = []
discretization = None
kg_reverse_r = False
entity_kg_num_interval = [0,inf)
relation_kg_num_interval = [0,inf)
MODEL_TYPE = ModelType.SEQUENTIAL
MODEL_INPUT_TYPE = InputType.POINTWISE
eval_type = EvaluatorType.RANKING
single_spec = True
local_rank = 0
device = cuda
valid_neg_sample_args = {'distribution': 'uniform', 'sample_num': 'none'}
test_neg_sample_args = {'distribution': 'uniform', 'sample_num': 'none'}


Sat 26 Apr 2025 13:12:26 INFO  diginetica
The number of users: 204690
Average actions of users: 4.837343482063032
The number of items: 42255
Average actions of items: 23.43330808917499
The number of inters: 990151
The sparsity of the dataset: 99.98855207703342%
Remain Fields: ['session_id', 'item_id', 'timestamp']
Sat 26 Apr 2025 13:12:39 INFO  [Training]: train_batch_size = [4096] train_neg_sample_args: [{'distribution': 'none', 'sample_num': 'none', 'alpha': 'none', 'dynamic': False, 'candidate_num': 0}]
Sat 26 Apr 2025 13:12:39 INFO  [Evaluation]: eval_batch_size = [20480] eval_args: [{'split': {'LS': 'valid_and_test'}, 'order': 'TO', 'group_by': 'user', 'mode': {'valid': 'full', 'test': 'full'}}]
Sat 26 Apr 2025 13:12:40 INFO  HGN(
  (item_embedding): Embedding(42255, 128, padding_idx=0)
  (user_embedding): Embedding(204690, 128)
  (w1): Linear(in_features=128, out_features=128, bias=True)
  (w2): Linear(in_features=128, out_features=128, bias=True)
  (w3): Linear(in_features=128, out_features=1, bias=False)
  (w4): Linear(in_features=128, out_features=50, bias=False)
  (item_embedding_for_prediction): Embedding(42255, 128)
  (sigmoid): Sigmoid()
  (loss_fct): CrossEntropyLoss()
)
Trainable parameters: 37057280
Sat 26 Apr 2025 13:12:40 INFO  FLOPs: 855040.0
Sat 26 Apr 2025 13:12:48 INFO  epoch 0 training [time: 7.68s, train loss: 1317.7154]
Sat 26 Apr 2025 13:12:49 INFO  epoch 0 evaluating [time: 0.95s, valid_score: 0.003600]
Sat 26 Apr 2025 13:12:49 INFO  valid result: 
recall@10 : 0.0078    mrr@10 : 0.0023    ndcg@10 : 0.0036    hit@10 : 0.0078    precision@10 : 0.0008
Sat 26 Apr 2025 13:12:49 INFO  Saving current: saved/HGN-Apr-26-2025_13-12-40.pth
Sat 26 Apr 2025 13:12:57 INFO  epoch 1 training [time: 7.51s, train loss: 1243.3734]
Sat 26 Apr 2025 13:12:58 INFO  epoch 1 evaluating [time: 0.88s, valid_score: 0.041400]
Sat 26 Apr 2025 13:12:58 INFO  valid result: 
recall@10 : 0.0752    mrr@10 : 0.0312    ndcg@10 : 0.0414    hit@10 : 0.0752    precision@10 : 0.0075
Sat 26 Apr 2025 13:12:58 INFO  Saving current: saved/HGN-Apr-26-2025_13-12-40.pth
Sat 26 Apr 2025 13:13:06 INFO  epoch 2 training [time: 7.53s, train loss: 1111.5614]
Sat 26 Apr 2025 13:13:07 INFO  epoch 2 evaluating [time: 0.88s, valid_score: 0.094100]
Sat 26 Apr 2025 13:13:07 INFO  valid result: 
recall@10 : 0.1767    mrr@10 : 0.0691    ndcg@10 : 0.0941    hit@10 : 0.1767    precision@10 : 0.0177
Sat 26 Apr 2025 13:13:08 INFO  Saving current: saved/HGN-Apr-26-2025_13-12-40.pth
Sat 26 Apr 2025 13:13:15 INFO  epoch 3 training [time: 7.59s, train loss: 970.9744]
Sat 26 Apr 2025 13:13:16 INFO  epoch 3 evaluating [time: 0.88s, valid_score: 0.128000]
Sat 26 Apr 2025 13:13:16 INFO  valid result: 
recall@10 : 0.2371    mrr@10 : 0.0949    ndcg@10 : 0.128    hit@10 : 0.2371    precision@10 : 0.0237
Sat 26 Apr 2025 13:13:17 INFO  Saving current: saved/HGN-Apr-26-2025_13-12-40.pth
Sat 26 Apr 2025 13:13:24 INFO  epoch 4 training [time: 7.69s, train loss: 861.7105]
Sat 26 Apr 2025 13:13:25 INFO  epoch 4 evaluating [time: 0.88s, valid_score: 0.150100]
Sat 26 Apr 2025 13:13:25 INFO  valid result: 
recall@10 : 0.276    mrr@10 : 0.1118    ndcg@10 : 0.1501    hit@10 : 0.276    precision@10 : 0.0276
Sat 26 Apr 2025 13:13:26 INFO  Saving current: saved/HGN-Apr-26-2025_13-12-40.pth
Sat 26 Apr 2025 13:13:34 INFO  epoch 5 training [time: 7.53s, train loss: 776.9845]
Sat 26 Apr 2025 13:13:35 INFO  epoch 5 evaluating [time: 0.88s, valid_score: 0.167100]
Sat 26 Apr 2025 13:13:35 INFO  valid result: 
recall@10 : 0.3032    mrr@10 : 0.1257    ndcg@10 : 0.1671    hit@10 : 0.3032    precision@10 : 0.0303
Sat 26 Apr 2025 13:13:35 INFO  Saving current: saved/HGN-Apr-26-2025_13-12-40.pth
Sat 26 Apr 2025 13:13:43 INFO  epoch 6 training [time: 7.44s, train loss: 715.5129]
Sat 26 Apr 2025 13:13:44 INFO  epoch 6 evaluating [time: 0.91s, valid_score: 0.180400]
Sat 26 Apr 2025 13:13:44 INFO  valid result: 
recall@10 : 0.3245    mrr@10 : 0.1365    ndcg@10 : 0.1804    hit@10 : 0.3245    precision@10 : 0.0325
Sat 26 Apr 2025 13:13:44 INFO  Saving current: saved/HGN-Apr-26-2025_13-12-40.pth
Sat 26 Apr 2025 13:13:52 INFO  epoch 7 training [time: 7.45s, train loss: 667.2816]
Sat 26 Apr 2025 13:13:53 INFO  epoch 7 evaluating [time: 0.88s, valid_score: 0.190100]
Sat 26 Apr 2025 13:13:53 INFO  valid result: 
recall@10 : 0.3397    mrr@10 : 0.1444    ndcg@10 : 0.1901    hit@10 : 0.3397    precision@10 : 0.034
Sat 26 Apr 2025 13:13:53 INFO  Saving current: saved/HGN-Apr-26-2025_13-12-40.pth
Sat 26 Apr 2025 13:14:01 INFO  epoch 8 training [time: 7.64s, train loss: 627.1384]
Sat 26 Apr 2025 13:14:02 INFO  epoch 8 evaluating [time: 0.89s, valid_score: 0.197600]
Sat 26 Apr 2025 13:14:02 INFO  valid result: 
recall@10 : 0.3522    mrr@10 : 0.1504    ndcg@10 : 0.1976    hit@10 : 0.3522    precision@10 : 0.0352
Sat 26 Apr 2025 13:14:03 INFO  Saving current: saved/HGN-Apr-26-2025_13-12-40.pth
Sat 26 Apr 2025 13:14:10 INFO  epoch 9 training [time: 7.38s, train loss: 592.1812]
Sat 26 Apr 2025 13:14:11 INFO  epoch 9 evaluating [time: 0.87s, valid_score: 0.203400]
Sat 26 Apr 2025 13:14:11 INFO  valid result: 
recall@10 : 0.3608    mrr@10 : 0.1553    ndcg@10 : 0.2034    hit@10 : 0.3608    precision@10 : 0.0361
Sat 26 Apr 2025 13:14:12 INFO  Saving current: saved/HGN-Apr-26-2025_13-12-40.pth
Sat 26 Apr 2025 13:14:19 INFO  epoch 10 training [time: 7.56s, train loss: 561.0519]
Sat 26 Apr 2025 13:14:20 INFO  epoch 10 evaluating [time: 0.88s, valid_score: 0.207400]
Sat 26 Apr 2025 13:14:20 INFO  valid result: 
recall@10 : 0.3671    mrr@10 : 0.1585    ndcg@10 : 0.2074    hit@10 : 0.3671    precision@10 : 0.0367
Sat 26 Apr 2025 13:14:21 INFO  Saving current: saved/HGN-Apr-26-2025_13-12-40.pth
Sat 26 Apr 2025 13:14:28 INFO  epoch 11 training [time: 7.55s, train loss: 532.5022]
Sat 26 Apr 2025 13:14:29 INFO  epoch 11 evaluating [time: 0.88s, valid_score: 0.210700]
Sat 26 Apr 2025 13:14:29 INFO  valid result: 
recall@10 : 0.3728    mrr@10 : 0.1611    ndcg@10 : 0.2107    hit@10 : 0.3728    precision@10 : 0.0373
Sat 26 Apr 2025 13:14:30 INFO  Saving current: saved/HGN-Apr-26-2025_13-12-40.pth
Sat 26 Apr 2025 13:14:38 INFO  epoch 12 training [time: 7.62s, train loss: 506.0535]
Sat 26 Apr 2025 13:14:39 INFO  epoch 12 evaluating [time: 0.88s, valid_score: 0.213200]
Sat 26 Apr 2025 13:14:39 INFO  valid result: 
recall@10 : 0.3766    mrr@10 : 0.1633    ndcg@10 : 0.2132    hit@10 : 0.3766    precision@10 : 0.0377
Sat 26 Apr 2025 13:14:39 INFO  Saving current: saved/HGN-Apr-26-2025_13-12-40.pth
Sat 26 Apr 2025 13:14:47 INFO  epoch 13 training [time: 7.50s, train loss: 481.0762]
Sat 26 Apr 2025 13:14:48 INFO  epoch 13 evaluating [time: 0.90s, valid_score: 0.215100]
Sat 26 Apr 2025 13:14:48 INFO  valid result: 
recall@10 : 0.3789    mrr@10 : 0.1649    ndcg@10 : 0.2151    hit@10 : 0.3789    precision@10 : 0.0379
Sat 26 Apr 2025 13:14:48 INFO  Saving current: saved/HGN-Apr-26-2025_13-12-40.pth
Sat 26 Apr 2025 13:14:56 INFO  epoch 14 training [time: 7.57s, train loss: 457.2775]
Sat 26 Apr 2025 13:14:57 INFO  epoch 14 evaluating [time: 0.89s, valid_score: 0.216800]
Sat 26 Apr 2025 13:14:57 INFO  valid result: 
recall@10 : 0.3818    mrr@10 : 0.1662    ndcg@10 : 0.2168    hit@10 : 0.3818    precision@10 : 0.0382
Sat 26 Apr 2025 13:14:58 INFO  Saving current: saved/HGN-Apr-26-2025_13-12-40.pth
Sat 26 Apr 2025 13:15:05 INFO  epoch 15 training [time: 7.51s, train loss: 434.5985]
Sat 26 Apr 2025 13:15:06 INFO  epoch 15 evaluating [time: 0.92s, valid_score: 0.217800]
Sat 26 Apr 2025 13:15:06 INFO  valid result: 
recall@10 : 0.3828    mrr@10 : 0.1673    ndcg@10 : 0.2178    hit@10 : 0.3828    precision@10 : 0.0383
Sat 26 Apr 2025 13:15:07 INFO  Saving current: saved/HGN-Apr-26-2025_13-12-40.pth
Sat 26 Apr 2025 13:15:14 INFO  epoch 16 training [time: 7.57s, train loss: 412.7321]
Sat 26 Apr 2025 13:15:15 INFO  epoch 16 evaluating [time: 0.89s, valid_score: 0.218400]
Sat 26 Apr 2025 13:15:15 INFO  valid result: 
recall@10 : 0.3834    mrr@10 : 0.1679    ndcg@10 : 0.2184    hit@10 : 0.3834    precision@10 : 0.0383
Sat 26 Apr 2025 13:15:16 INFO  Saving current: saved/HGN-Apr-26-2025_13-12-40.pth
Sat 26 Apr 2025 13:15:23 INFO  epoch 17 training [time: 7.45s, train loss: 391.5919]
Sat 26 Apr 2025 13:15:24 INFO  epoch 17 evaluating [time: 0.88s, valid_score: 0.219100]
Sat 26 Apr 2025 13:15:24 INFO  valid result: 
recall@10 : 0.384    mrr@10 : 0.1686    ndcg@10 : 0.2191    hit@10 : 0.384    precision@10 : 0.0384
Sat 26 Apr 2025 13:15:25 INFO  Saving current: saved/HGN-Apr-26-2025_13-12-40.pth
Sat 26 Apr 2025 13:15:33 INFO  epoch 18 training [time: 7.58s, train loss: 371.3177]
Sat 26 Apr 2025 13:15:34 INFO  epoch 18 evaluating [time: 0.88s, valid_score: 0.218500]
Sat 26 Apr 2025 13:15:34 INFO  valid result: 
recall@10 : 0.3823    mrr@10 : 0.1683    ndcg@10 : 0.2185    hit@10 : 0.3823    precision@10 : 0.0382
Sat 26 Apr 2025 13:15:41 INFO  epoch 19 training [time: 7.80s, train loss: 351.6970]
Sat 26 Apr 2025 13:15:42 INFO  epoch 19 evaluating [time: 0.88s, valid_score: 0.218900]
Sat 26 Apr 2025 13:15:42 INFO  valid result: 
recall@10 : 0.3822    mrr@10 : 0.1688    ndcg@10 : 0.2189    hit@10 : 0.3822    precision@10 : 0.0382
Sat 26 Apr 2025 13:15:50 INFO  epoch 20 training [time: 7.60s, train loss: 332.9745]
Sat 26 Apr 2025 13:15:51 INFO  epoch 20 evaluating [time: 0.87s, valid_score: 0.219200]
Sat 26 Apr 2025 13:15:51 INFO  valid result: 
recall@10 : 0.3815    mrr@10 : 0.1694    ndcg@10 : 0.2192    hit@10 : 0.3815    precision@10 : 0.0382
Sat 26 Apr 2025 13:15:51 INFO  Saving current: saved/HGN-Apr-26-2025_13-12-40.pth
Sat 26 Apr 2025 13:15:59 INFO  epoch 21 training [time: 7.46s, train loss: 314.9383]
Sat 26 Apr 2025 13:16:00 INFO  epoch 21 evaluating [time: 0.89s, valid_score: 0.218400]
Sat 26 Apr 2025 13:16:00 INFO  valid result: 
recall@10 : 0.3803    mrr@10 : 0.1688    ndcg@10 : 0.2184    hit@10 : 0.3803    precision@10 : 0.038
Sat 26 Apr 2025 13:16:08 INFO  epoch 22 training [time: 7.72s, train loss: 297.8359]
Sat 26 Apr 2025 13:16:08 INFO  epoch 22 evaluating [time: 0.89s, valid_score: 0.218200]
Sat 26 Apr 2025 13:16:08 INFO  valid result: 
recall@10 : 0.3801    mrr@10 : 0.1685    ndcg@10 : 0.2182    hit@10 : 0.3801    precision@10 : 0.038
Sat 26 Apr 2025 13:16:16 INFO  epoch 23 training [time: 7.52s, train loss: 281.6607]
Sat 26 Apr 2025 13:16:17 INFO  epoch 23 evaluating [time: 0.87s, valid_score: 0.217800]
Sat 26 Apr 2025 13:16:17 INFO  valid result: 
recall@10 : 0.3787    mrr@10 : 0.1685    ndcg@10 : 0.2178    hit@10 : 0.3787    precision@10 : 0.0379
Sat 26 Apr 2025 13:16:24 INFO  epoch 24 training [time: 7.39s, train loss: 266.2200]
Sat 26 Apr 2025 13:16:25 INFO  epoch 24 evaluating [time: 0.88s, valid_score: 0.217000]
Sat 26 Apr 2025 13:16:25 INFO  valid result: 
recall@10 : 0.3768    mrr@10 : 0.168    ndcg@10 : 0.217    hit@10 : 0.3768    precision@10 : 0.0377
Sat 26 Apr 2025 13:16:32 INFO  epoch 25 training [time: 7.35s, train loss: 251.8494]
Sat 26 Apr 2025 13:16:33 INFO  epoch 25 evaluating [time: 0.90s, valid_score: 0.216800]
Sat 26 Apr 2025 13:16:33 INFO  valid result: 
recall@10 : 0.3763    mrr@10 : 0.1679    ndcg@10 : 0.2168    hit@10 : 0.3763    precision@10 : 0.0376
Sat 26 Apr 2025 13:16:41 INFO  epoch 26 training [time: 7.56s, train loss: 238.2713]
Sat 26 Apr 2025 13:16:42 INFO  epoch 26 evaluating [time: 0.89s, valid_score: 0.216100]
Sat 26 Apr 2025 13:16:42 INFO  valid result: 
recall@10 : 0.3746    mrr@10 : 0.1676    ndcg@10 : 0.2161    hit@10 : 0.3746    precision@10 : 0.0375
Sat 26 Apr 2025 13:16:49 INFO  epoch 27 training [time: 7.46s, train loss: 225.6626]
Sat 26 Apr 2025 13:16:50 INFO  epoch 27 evaluating [time: 0.88s, valid_score: 0.215400]
Sat 26 Apr 2025 13:16:50 INFO  valid result: 
recall@10 : 0.3731    mrr@10 : 0.1671    ndcg@10 : 0.2154    hit@10 : 0.3731    precision@10 : 0.0373
Sat 26 Apr 2025 13:16:58 INFO  epoch 28 training [time: 7.47s, train loss: 213.8879]
Sat 26 Apr 2025 13:16:59 INFO  epoch 28 evaluating [time: 0.89s, valid_score: 0.215000]
Sat 26 Apr 2025 13:16:59 INFO  valid result: 
recall@10 : 0.3719    mrr@10 : 0.1669    ndcg@10 : 0.215    hit@10 : 0.3719    precision@10 : 0.0372
Sat 26 Apr 2025 13:17:06 INFO  epoch 29 training [time: 7.48s, train loss: 202.8811]
Sat 26 Apr 2025 13:17:07 INFO  epoch 29 evaluating [time: 0.91s, valid_score: 0.214200]
Sat 26 Apr 2025 13:17:07 INFO  valid result: 
recall@10 : 0.37    mrr@10 : 0.1664    ndcg@10 : 0.2142    hit@10 : 0.37    precision@10 : 0.037
Sat 26 Apr 2025 13:17:14 INFO  epoch 30 training [time: 7.47s, train loss: 192.6438]
Sat 26 Apr 2025 13:17:15 INFO  epoch 30 evaluating [time: 0.88s, valid_score: 0.213800]
Sat 26 Apr 2025 13:17:15 INFO  valid result: 
recall@10 : 0.3694    mrr@10 : 0.166    ndcg@10 : 0.2138    hit@10 : 0.3694    precision@10 : 0.0369
Sat 26 Apr 2025 13:17:23 INFO  epoch 31 training [time: 7.23s, train loss: 183.1814]
Sat 26 Apr 2025 13:17:23 INFO  epoch 31 evaluating [time: 0.91s, valid_score: 0.213300]
Sat 26 Apr 2025 13:17:23 INFO  valid result: 
recall@10 : 0.3679    mrr@10 : 0.1658    ndcg@10 : 0.2133    hit@10 : 0.3679    precision@10 : 0.0368
Sat 26 Apr 2025 13:17:23 INFO  Finished training, best eval result in epoch 20
Sat 26 Apr 2025 13:17:24 INFO  Loading model structure and parameters from saved/HGN-Apr-26-2025_13-12-40.pth
Sat 26 Apr 2025 13:17:26 INFO  The running environment of this training is as follows:
+-------------+-----------------+
| Environment |      Usage      |
+=============+=================+
| CPU         |     11.60 %     |
+-------------+-----------------+
| GPU         | 16.93 G/31.60 G |
+-------------+-----------------+
| Memory      | 2.44 G/503.60 G |
+-------------+-----------------+
Sat 26 Apr 2025 13:17:26 INFO  best valid : OrderedDict([('recall@10', 0.3815), ('mrr@10', 0.1694), ('ndcg@10', 0.2192), ('hit@10', 0.3815), ('precision@10', 0.0382)])
Sat 26 Apr 2025 13:17:26 INFO  test result: OrderedDict([('recall@10', 0.3668), ('mrr@10', 0.1707), ('ndcg@10', 0.2168), ('hit@10', 0.3668), ('precision@10', 0.0367)])
