Mon 28 Apr 2025 03:43:58 INFO  ['/root/miniconda3/lib/python3.10/site-packages/ipykernel_launcher.py', '-f', '/root/.local/share/jupyter/runtime/kernel-6b48f312-0bbc-499a-aa2e-dd88324336d3.json']
Mon 28 Apr 2025 03:43:58 INFO  
General Hyper Parameters:
gpu_id = 0
use_gpu = True
seed = 2020
state = INFO
reproducibility = True
data_path = dataset/retailrocket
checkpoint_dir = saved
show_progress = True
save_dataset = False
dataset_save_path = None
save_dataloaders = False
dataloaders_save_path = None
log_wandb = False

Training Hyper Parameters:
epochs = 500
train_batch_size = 4096
learner = adam
learning_rate = 0.001
train_neg_sample_args = {'distribution': 'none', 'sample_num': 'none', 'alpha': 'none', 'dynamic': False, 'candidate_num': 0}
eval_step = 1
stopping_step = 10
clip_grad_norm = None
weight_decay = 0.0
loss_decimal_place = 4

Evaluation Hyper Parameters:
eval_args = {'split': {'LS': 'valid_and_test'}, 'order': 'TO', 'group_by': 'user', 'mode': {'valid': 'full', 'test': 'full'}}
repeatable = True
metrics = ['Recall', 'MRR', 'NDCG', 'Hit', 'Precision']
topk = [10]
valid_metric = NDCG@10
valid_metric_bigger = True
eval_batch_size = 10240
metric_decimal_place = 4

Dataset Hyper Parameters:
field_separator = 	
seq_separator =  
USER_ID_FIELD = visitor_id
ITEM_ID_FIELD = item_id
RATING_FIELD = rating
TIME_FIELD = timestamp
seq_len = None
LABEL_FIELD = label
threshold = None
NEG_PREFIX = neg_
load_col = {'inter': ['timestamp', 'visitor_id', 'item_id']}
unload_col = None
unused_col = None
additional_feat_suffix = None
rm_dup_inter = None
val_interval = None
filter_inter_by_user_or_item = True
user_inter_num_interval = [0,inf)
item_inter_num_interval = [0,inf)
alias_of_user_id = None
alias_of_item_id = None
alias_of_entity_id = None
alias_of_relation_id = None
preload_weight = None
normalize_field = None
normalize_all = None
ITEM_LIST_LENGTH_FIELD = item_length
LIST_SUFFIX = _list
MAX_ITEM_LIST_LENGTH = 50
POSITION_FIELD = position_id
HEAD_ENTITY_ID_FIELD = head_id
TAIL_ENTITY_ID_FIELD = tail_id
RELATION_ID_FIELD = relation_id
ENTITY_ID_FIELD = entity_id
benchmark_filename = None

Other Hyper Parameters: 
worker = 0
wandb_project = recbole
shuffle = True
require_pow = False
enable_amp = False
enable_scaler = False
transform = None
weight = 0.6
n_layers = 2
n_heads = 2
hidden_size = 64
inner_size = 256
hidden_dropout_prob = 0.5
attn_dropout_prob = 0.5
hidden_act = gelu
layer_norm_eps = 1e-12
initializer_range = 0.02
step = 1
reg_weight = 5e-05
loss_type = CE
numerical_features = []
discretization = None
kg_reverse_r = False
entity_kg_num_interval = [0,inf)
relation_kg_num_interval = [0,inf)
MODEL_TYPE = ModelType.SEQUENTIAL
embedding_size = 128
MODEL_INPUT_TYPE = InputType.POINTWISE
eval_type = EvaluatorType.RANKING
single_spec = True
local_rank = 0
device = cuda
valid_neg_sample_args = {'distribution': 'uniform', 'sample_num': 'none'}
test_neg_sample_args = {'distribution': 'uniform', 'sample_num': 'none'}


Mon 28 Apr 2025 03:44:05 INFO  retailrocket
The number of users: 381092
Average actions of users: 4.018887877173693
The number of items: 86975
Average actions of items: 17.60942350587532
The number of inters: 1531562
The sparsity of the dataset: 99.99537927297332%
Remain Fields: ['timestamp', 'visitor_id', 'item_id']
Mon 28 Apr 2025 03:44:27 INFO  [Training]: train_batch_size = [4096] train_neg_sample_args: [{'distribution': 'none', 'sample_num': 'none', 'alpha': 'none', 'dynamic': False, 'candidate_num': 0}]
Mon 28 Apr 2025 03:44:27 INFO  [Evaluation]: eval_batch_size = [10240] eval_args: [{'split': {'LS': 'valid_and_test'}, 'order': 'TO', 'group_by': 'user', 'mode': {'valid': 'full', 'test': 'full'}}]
Mon 28 Apr 2025 03:44:27 INFO  GCSAN(
  (item_embedding): Embedding(86975, 64, padding_idx=0)
  (gnn): GNN(
    (linear_edge_in): Linear(in_features=64, out_features=64, bias=True)
    (linear_edge_out): Linear(in_features=64, out_features=64, bias=True)
  )
  (self_attention): TransformerEncoder(
    (layer): ModuleList(
      (0-1): 2 x TransformerLayer(
        (multi_head_attention): MultiHeadAttention(
          (query): Linear(in_features=64, out_features=64, bias=True)
          (key): Linear(in_features=64, out_features=64, bias=True)
          (value): Linear(in_features=64, out_features=64, bias=True)
          (softmax): Softmax(dim=-1)
          (attn_dropout): Dropout(p=0.5, inplace=False)
          (dense): Linear(in_features=64, out_features=64, bias=True)
          (LayerNorm): LayerNorm((64,), eps=1e-12, elementwise_affine=True)
          (out_dropout): Dropout(p=0.5, inplace=False)
        )
        (feed_forward): FeedForward(
          (dense_1): Linear(in_features=64, out_features=256, bias=True)
          (dense_2): Linear(in_features=256, out_features=64, bias=True)
          (LayerNorm): LayerNorm((64,), eps=1e-12, elementwise_affine=True)
          (dropout): Dropout(p=0.5, inplace=False)
        )
      )
    )
  )
  (reg_loss): EmbLoss()
  (loss_fct): CrossEntropyLoss()
)
Trainable parameters: 5711936
Mon 28 Apr 2025 03:44:27 INFO  FLOPs: 5383464.0
Mon 28 Apr 2025 03:49:01 INFO  epoch 0 training [time: 273.21s, train loss: 2171.0859]
Mon 28 Apr 2025 03:49:23 INFO  epoch 0 evaluating [time: 22.30s, valid_score: 0.104200]
Mon 28 Apr 2025 03:49:23 INFO  valid result: 
recall@10 : 0.1473    mrr@10 : 0.0908    ndcg@10 : 0.1042    hit@10 : 0.1473    precision@10 : 0.0147
Mon 28 Apr 2025 03:49:23 INFO  Saving current: saved/GCSAN-Apr-28-2025_03-44-27.pth
Mon 28 Apr 2025 03:53:25 INFO  epoch 1 training [time: 241.31s, train loss: 1793.1105]
Mon 28 Apr 2025 03:53:46 INFO  epoch 1 evaluating [time: 21.70s, valid_score: 0.253600]
Mon 28 Apr 2025 03:53:46 INFO  valid result: 
recall@10 : 0.3644    mrr@10 : 0.219    ndcg@10 : 0.2536    hit@10 : 0.3644    precision@10 : 0.0364
Mon 28 Apr 2025 03:53:46 INFO  Saving current: saved/GCSAN-Apr-28-2025_03-44-27.pth
Mon 28 Apr 2025 03:58:21 INFO  epoch 2 training [time: 274.27s, train loss: 1419.6643]
Mon 28 Apr 2025 03:58:43 INFO  epoch 2 evaluating [time: 22.61s, valid_score: 0.342700]
Mon 28 Apr 2025 03:58:43 INFO  valid result: 
recall@10 : 0.4738    mrr@10 : 0.3016    ndcg@10 : 0.3427    hit@10 : 0.4738    precision@10 : 0.0474
Mon 28 Apr 2025 03:58:43 INFO  Saving current: saved/GCSAN-Apr-28-2025_03-44-27.pth
Mon 28 Apr 2025 04:03:04 INFO  epoch 3 training [time: 260.84s, train loss: 1185.1791]
Mon 28 Apr 2025 04:03:26 INFO  epoch 3 evaluating [time: 22.13s, valid_score: 0.390900]
Mon 28 Apr 2025 04:03:26 INFO  valid result: 
recall@10 : 0.5314    mrr@10 : 0.3467    ndcg@10 : 0.3909    hit@10 : 0.5314    precision@10 : 0.0531
Mon 28 Apr 2025 04:03:26 INFO  Saving current: saved/GCSAN-Apr-28-2025_03-44-27.pth
Mon 28 Apr 2025 04:07:43 INFO  epoch 4 training [time: 256.73s, train loss: 1043.9317]
Mon 28 Apr 2025 04:08:07 INFO  epoch 4 evaluating [time: 24.06s, valid_score: 0.418200]
Mon 28 Apr 2025 04:08:07 INFO  valid result: 
recall@10 : 0.5629    mrr@10 : 0.3725    ndcg@10 : 0.4182    hit@10 : 0.5629    precision@10 : 0.0563
Mon 28 Apr 2025 04:08:07 INFO  Saving current: saved/GCSAN-Apr-28-2025_03-44-27.pth
Mon 28 Apr 2025 04:12:34 INFO  epoch 5 training [time: 266.98s, train loss: 956.8489]
Mon 28 Apr 2025 04:12:56 INFO  epoch 5 evaluating [time: 22.05s, valid_score: 0.432300]
Mon 28 Apr 2025 04:12:56 INFO  valid result: 
recall@10 : 0.5791    mrr@10 : 0.3858    ndcg@10 : 0.4323    hit@10 : 0.5791    precision@10 : 0.0579
Mon 28 Apr 2025 04:12:56 INFO  Saving current: saved/GCSAN-Apr-28-2025_03-44-27.pth
Mon 28 Apr 2025 04:17:13 INFO  epoch 6 training [time: 256.61s, train loss: 901.2396]
Mon 28 Apr 2025 04:17:36 INFO  epoch 6 evaluating [time: 23.04s, valid_score: 0.440200]
Mon 28 Apr 2025 04:17:36 INFO  valid result: 
recall@10 : 0.5891    mrr@10 : 0.393    ndcg@10 : 0.4402    hit@10 : 0.5891    precision@10 : 0.0589
Mon 28 Apr 2025 04:17:36 INFO  Saving current: saved/GCSAN-Apr-28-2025_03-44-27.pth
Mon 28 Apr 2025 04:21:42 INFO  epoch 7 training [time: 245.97s, train loss: 864.0923]
Mon 28 Apr 2025 04:22:05 INFO  epoch 7 evaluating [time: 22.34s, valid_score: 0.444700]
Mon 28 Apr 2025 04:22:05 INFO  valid result: 
recall@10 : 0.5941    mrr@10 : 0.3973    ndcg@10 : 0.4447    hit@10 : 0.5941    precision@10 : 0.0594
Mon 28 Apr 2025 04:22:05 INFO  Saving current: saved/GCSAN-Apr-28-2025_03-44-27.pth
Mon 28 Apr 2025 04:26:07 INFO  epoch 8 training [time: 242.54s, train loss: 838.0972]
Mon 28 Apr 2025 04:26:30 INFO  epoch 8 evaluating [time: 22.60s, valid_score: 0.448000]
Mon 28 Apr 2025 04:26:30 INFO  valid result: 
recall@10 : 0.5972    mrr@10 : 0.4007    ndcg@10 : 0.448    hit@10 : 0.5972    precision@10 : 0.0597
Mon 28 Apr 2025 04:26:30 INFO  Saving current: saved/GCSAN-Apr-28-2025_03-44-27.pth
Mon 28 Apr 2025 04:30:58 INFO  epoch 9 training [time: 268.10s, train loss: 818.7196]
Mon 28 Apr 2025 04:31:21 INFO  epoch 9 evaluating [time: 22.57s, valid_score: 0.449300]
Mon 28 Apr 2025 04:31:21 INFO  valid result: 
recall@10 : 0.5986    mrr@10 : 0.4018    ndcg@10 : 0.4493    hit@10 : 0.5986    precision@10 : 0.0599
Mon 28 Apr 2025 04:31:21 INFO  Saving current: saved/GCSAN-Apr-28-2025_03-44-27.pth
Mon 28 Apr 2025 04:35:58 INFO  epoch 10 training [time: 277.58s, train loss: 803.4652]
Mon 28 Apr 2025 04:36:21 INFO  epoch 10 evaluating [time: 22.97s, valid_score: 0.449600]
Mon 28 Apr 2025 04:36:21 INFO  valid result: 
recall@10 : 0.5991    mrr@10 : 0.402    ndcg@10 : 0.4496    hit@10 : 0.5991    precision@10 : 0.0599
Mon 28 Apr 2025 04:36:21 INFO  Saving current: saved/GCSAN-Apr-28-2025_03-44-27.pth
Mon 28 Apr 2025 04:41:07 INFO  epoch 11 training [time: 285.45s, train loss: 790.9807]
Mon 28 Apr 2025 04:41:30 INFO  epoch 11 evaluating [time: 22.99s, valid_score: 0.450200]
Mon 28 Apr 2025 04:41:30 INFO  valid result: 
recall@10 : 0.5997    mrr@10 : 0.4028    ndcg@10 : 0.4502    hit@10 : 0.5997    precision@10 : 0.06
Mon 28 Apr 2025 04:41:30 INFO  Saving current: saved/GCSAN-Apr-28-2025_03-44-27.pth
Mon 28 Apr 2025 04:46:29 INFO  epoch 12 training [time: 298.73s, train loss: 780.1953]
Mon 28 Apr 2025 04:46:51 INFO  epoch 12 evaluating [time: 22.36s, valid_score: 0.450100]
Mon 28 Apr 2025 04:46:51 INFO  valid result: 
recall@10 : 0.5987    mrr@10 : 0.4028    ndcg@10 : 0.4501    hit@10 : 0.5987    precision@10 : 0.0599
Mon 28 Apr 2025 04:51:16 INFO  epoch 13 training [time: 264.74s, train loss: 770.4714]
Mon 28 Apr 2025 04:51:37 INFO  epoch 13 evaluating [time: 21.20s, valid_score: 0.449600]
Mon 28 Apr 2025 04:51:37 INFO  valid result: 
recall@10 : 0.5979    mrr@10 : 0.4025    ndcg@10 : 0.4496    hit@10 : 0.5979    precision@10 : 0.0598
Mon 28 Apr 2025 04:55:56 INFO  epoch 14 training [time: 258.59s, train loss: 761.4634]
Mon 28 Apr 2025 04:56:17 INFO  epoch 14 evaluating [time: 21.21s, valid_score: 0.448200]
Mon 28 Apr 2025 04:56:17 INFO  valid result: 
recall@10 : 0.5961    mrr@10 : 0.4012    ndcg@10 : 0.4482    hit@10 : 0.5961    precision@10 : 0.0596
Mon 28 Apr 2025 05:00:32 INFO  epoch 15 training [time: 254.74s, train loss: 752.7472]
Mon 28 Apr 2025 05:00:54 INFO  epoch 15 evaluating [time: 22.81s, valid_score: 0.447400]
Mon 28 Apr 2025 05:00:54 INFO  valid result: 
recall@10 : 0.5949    mrr@10 : 0.4004    ndcg@10 : 0.4474    hit@10 : 0.5949    precision@10 : 0.0595
Mon 28 Apr 2025 05:04:44 INFO  epoch 16 training [time: 229.12s, train loss: 744.3683]
Mon 28 Apr 2025 05:05:07 INFO  epoch 16 evaluating [time: 23.42s, valid_score: 0.445700]
Mon 28 Apr 2025 05:05:07 INFO  valid result: 
recall@10 : 0.5924    mrr@10 : 0.399    ndcg@10 : 0.4457    hit@10 : 0.5924    precision@10 : 0.0592
Mon 28 Apr 2025 05:09:22 INFO  epoch 17 training [time: 255.42s, train loss: 736.1904]
Mon 28 Apr 2025 05:09:44 INFO  epoch 17 evaluating [time: 22.04s, valid_score: 0.444100]
Mon 28 Apr 2025 05:09:44 INFO  valid result: 
recall@10 : 0.5906    mrr@10 : 0.3974    ndcg@10 : 0.4441    hit@10 : 0.5906    precision@10 : 0.0591
Mon 28 Apr 2025 05:13:39 INFO  epoch 18 training [time: 234.67s, train loss: 728.0307]
Mon 28 Apr 2025 05:14:00 INFO  epoch 18 evaluating [time: 21.21s, valid_score: 0.443100]
Mon 28 Apr 2025 05:14:00 INFO  valid result: 
recall@10 : 0.5883    mrr@10 : 0.397    ndcg@10 : 0.4431    hit@10 : 0.5883    precision@10 : 0.0588
Mon 28 Apr 2025 05:18:27 INFO  epoch 19 training [time: 266.48s, train loss: 719.9221]
Mon 28 Apr 2025 05:18:48 INFO  epoch 19 evaluating [time: 21.38s, valid_score: 0.440900]
Mon 28 Apr 2025 05:18:48 INFO  valid result: 
recall@10 : 0.585    mrr@10 : 0.3951    ndcg@10 : 0.4409    hit@10 : 0.585    precision@10 : 0.0585
Mon 28 Apr 2025 05:23:13 INFO  epoch 20 training [time: 265.13s, train loss: 711.8901]
Mon 28 Apr 2025 05:23:36 INFO  epoch 20 evaluating [time: 22.70s, valid_score: 0.438600]
Mon 28 Apr 2025 05:23:36 INFO  valid result: 
recall@10 : 0.5822    mrr@10 : 0.3929    ndcg@10 : 0.4386    hit@10 : 0.5822    precision@10 : 0.0582
Mon 28 Apr 2025 05:28:04 INFO  epoch 21 training [time: 267.69s, train loss: 703.5840]
Mon 28 Apr 2025 05:28:26 INFO  epoch 21 evaluating [time: 22.47s, valid_score: 0.436700]
Mon 28 Apr 2025 05:28:26 INFO  valid result: 
recall@10 : 0.5789    mrr@10 : 0.3915    ndcg@10 : 0.4367    hit@10 : 0.5789    precision@10 : 0.0579
Mon 28 Apr 2025 05:32:26 INFO  epoch 22 training [time: 239.30s, train loss: 695.5979]
Mon 28 Apr 2025 05:32:47 INFO  epoch 22 evaluating [time: 21.13s, valid_score: 0.433900]
Mon 28 Apr 2025 05:32:47 INFO  valid result: 
recall@10 : 0.5755    mrr@10 : 0.3888    ndcg@10 : 0.4339    hit@10 : 0.5755    precision@10 : 0.0576
Mon 28 Apr 2025 05:32:47 INFO  Finished training, best eval result in epoch 11
Mon 28 Apr 2025 05:32:47 INFO  Loading model structure and parameters from saved/GCSAN-Apr-28-2025_03-44-27.pth
Mon 28 Apr 2025 05:33:24 INFO  The running environment of this training is as follows:
+-------------+------------------+
| Environment |      Usage       |
+=============+==================+
| CPU         |      3.60 %      |
+-------------+------------------+
| GPU         | 21.52 G/31.60 G  |
+-------------+------------------+
| Memory      | 3.41 G/1007.52 G |
+-------------+------------------+
Mon 28 Apr 2025 05:33:24 INFO  best valid : OrderedDict([('recall@10', 0.5997), ('mrr@10', 0.4028), ('ndcg@10', 0.4502), ('hit@10', 0.5997), ('precision@10', 0.06)])
Mon 28 Apr 2025 05:33:24 INFO  test result: OrderedDict([('recall@10', 0.6062), ('mrr@10', 0.4228), ('ndcg@10', 0.4672), ('hit@10', 0.6062), ('precision@10', 0.0606)])
