Sun 27 Apr 2025 22:01:12 INFO  ['/root/miniconda3/lib/python3.10/site-packages/ipykernel_launcher.py', '-f', '/root/.local/share/jupyter/runtime/kernel-7ae947ad-09f5-4d1e-b2e3-286d03f97a46.json']
Sun 27 Apr 2025 22:01:12 INFO  
General Hyper Parameters:
gpu_id = 0
use_gpu = True
seed = 2020
state = INFO
reproducibility = True
data_path = dataset/ml-1m
checkpoint_dir = saved
show_progress = True
save_dataset = False
dataset_save_path = None
save_dataloaders = False
dataloaders_save_path = None
log_wandb = False

Training Hyper Parameters:
epochs = 500
train_batch_size = 4096
learner = adam
learning_rate = 0.001
train_neg_sample_args = {'distribution': 'none', 'sample_num': 'none', 'alpha': 'none', 'dynamic': False, 'candidate_num': 0}
eval_step = 1
stopping_step = 10
clip_grad_norm = None
weight_decay = 0.0
loss_decimal_place = 4

Evaluation Hyper Parameters:
eval_args = {'split': {'LS': 'valid_and_test'}, 'order': 'TO', 'group_by': 'user', 'mode': {'valid': 'full', 'test': 'full'}}
repeatable = True
metrics = ['Recall', 'MRR', 'NDCG', 'Hit', 'Precision']
topk = [10]
valid_metric = NDCG@10
valid_metric_bigger = True
eval_batch_size = 40960
metric_decimal_place = 4

Dataset Hyper Parameters:
field_separator = 	
seq_separator =  
USER_ID_FIELD = user_id
ITEM_ID_FIELD = item_id
RATING_FIELD = rating
TIME_FIELD = timestamp
seq_len = None
LABEL_FIELD = label
threshold = None
NEG_PREFIX = neg_
load_col = {'inter': ['user_id', 'item_id', 'rating', 'timestamp']}
unload_col = None
unused_col = None
additional_feat_suffix = None
rm_dup_inter = None
val_interval = None
filter_inter_by_user_or_item = True
user_inter_num_interval = [0,inf)
item_inter_num_interval = [0,inf)
alias_of_user_id = None
alias_of_item_id = None
alias_of_entity_id = None
alias_of_relation_id = None
preload_weight = None
normalize_field = None
normalize_all = None
ITEM_LIST_LENGTH_FIELD = item_length
LIST_SUFFIX = _list
MAX_ITEM_LIST_LENGTH = 50
POSITION_FIELD = position_id
HEAD_ENTITY_ID_FIELD = head_id
TAIL_ENTITY_ID_FIELD = tail_id
RELATION_ID_FIELD = relation_id
ENTITY_ID_FIELD = entity_id
benchmark_filename = None

Other Hyper Parameters: 
worker = 0
wandb_project = recbole
shuffle = True
require_pow = False
enable_amp = False
enable_scaler = False
transform = None
weight = 0.6
n_layers = 2
n_heads = 2
hidden_size = 64
inner_size = 256
hidden_dropout_prob = 0.5
attn_dropout_prob = 0.5
hidden_act = gelu
layer_norm_eps = 1e-12
initializer_range = 0.02
step = 1
reg_weight = 5e-05
loss_type = CE
numerical_features = []
discretization = None
kg_reverse_r = False
entity_kg_num_interval = [0,inf)
relation_kg_num_interval = [0,inf)
MODEL_TYPE = ModelType.SEQUENTIAL
RATING_ID_FIELD = rating
embedding_size = 128
MODEL_INPUT_TYPE = InputType.POINTWISE
eval_type = EvaluatorType.RANKING
single_spec = True
local_rank = 0
device = cuda
valid_neg_sample_args = {'distribution': 'uniform', 'sample_num': 'none'}
test_neg_sample_args = {'distribution': 'uniform', 'sample_num': 'none'}


Sun 27 Apr 2025 22:01:16 INFO  ml-1m
The number of users: 5951
Average actions of users: 96.42453781512604
The number of items: 3126
Average actions of items: 183.59232
The number of inters: 573726
The sparsity of the dataset: 96.91592019406083%
Remain Fields: ['user_id', 'item_id', 'rating', 'timestamp']
Sun 27 Apr 2025 22:01:30 INFO  [Training]: train_batch_size = [4096] train_neg_sample_args: [{'distribution': 'none', 'sample_num': 'none', 'alpha': 'none', 'dynamic': False, 'candidate_num': 0}]
Sun 27 Apr 2025 22:01:30 INFO  [Evaluation]: eval_batch_size = [40960] eval_args: [{'split': {'LS': 'valid_and_test'}, 'order': 'TO', 'group_by': 'user', 'mode': {'valid': 'full', 'test': 'full'}}]
Sun 27 Apr 2025 22:01:30 INFO  GCSAN(
  (item_embedding): Embedding(3126, 64, padding_idx=0)
  (gnn): GNN(
    (linear_edge_in): Linear(in_features=64, out_features=64, bias=True)
    (linear_edge_out): Linear(in_features=64, out_features=64, bias=True)
  )
  (self_attention): TransformerEncoder(
    (layer): ModuleList(
      (0-1): 2 x TransformerLayer(
        (multi_head_attention): MultiHeadAttention(
          (query): Linear(in_features=64, out_features=64, bias=True)
          (key): Linear(in_features=64, out_features=64, bias=True)
          (value): Linear(in_features=64, out_features=64, bias=True)
          (softmax): Softmax(dim=-1)
          (attn_dropout): Dropout(p=0.5, inplace=False)
          (dense): Linear(in_features=64, out_features=64, bias=True)
          (LayerNorm): LayerNorm((64,), eps=1e-12, elementwise_affine=True)
          (out_dropout): Dropout(p=0.5, inplace=False)
        )
        (feed_forward): FeedForward(
          (dense_1): Linear(in_features=64, out_features=256, bias=True)
          (dense_2): Linear(in_features=256, out_features=64, bias=True)
          (LayerNorm): LayerNorm((64,), eps=1e-12, elementwise_affine=True)
          (dropout): Dropout(p=0.5, inplace=False)
        )
      )
    )
  )
  (reg_loss): EmbLoss()
  (loss_fct): CrossEntropyLoss()
)
Trainable parameters: 345600
Sun 27 Apr 2025 22:01:30 INFO  FLOPs: 5383464.0
Sun 27 Apr 2025 22:06:08 INFO  epoch 0 training [time: 276.96s, train loss: 991.3561]
Sun 27 Apr 2025 22:06:10 INFO  epoch 0 evaluating [time: 2.42s, valid_score: 0.014600]
Sun 27 Apr 2025 22:06:10 INFO  valid result: 
recall@10 : 0.0318    mrr@10 : 0.0095    ndcg@10 : 0.0146    hit@10 : 0.0318    precision@10 : 0.0032
Sun 27 Apr 2025 22:06:10 INFO  Saving current: saved/GCSAN-Apr-27-2025_22-01-30.pth
Sun 27 Apr 2025 22:10:35 INFO  epoch 1 training [time: 264.65s, train loss: 937.6781]
Sun 27 Apr 2025 22:10:38 INFO  epoch 1 evaluating [time: 3.41s, valid_score: 0.027200]
Sun 27 Apr 2025 22:10:38 INFO  valid result: 
recall@10 : 0.0578    mrr@10 : 0.0182    ndcg@10 : 0.0272    hit@10 : 0.0578    precision@10 : 0.0058
Sun 27 Apr 2025 22:10:38 INFO  Saving current: saved/GCSAN-Apr-27-2025_22-01-30.pth
Sun 27 Apr 2025 22:15:19 INFO  epoch 2 training [time: 281.11s, train loss: 905.4330]
Sun 27 Apr 2025 22:15:23 INFO  epoch 2 evaluating [time: 3.45s, valid_score: 0.037100]
Sun 27 Apr 2025 22:15:23 INFO  valid result: 
recall@10 : 0.0765    mrr@10 : 0.0251    ndcg@10 : 0.0371    hit@10 : 0.0765    precision@10 : 0.0076
Sun 27 Apr 2025 22:15:23 INFO  Saving current: saved/GCSAN-Apr-27-2025_22-01-30.pth
Sun 27 Apr 2025 22:20:39 INFO  epoch 3 training [time: 316.04s, train loss: 883.5836]
Sun 27 Apr 2025 22:20:41 INFO  epoch 3 evaluating [time: 2.33s, valid_score: 0.044800]
Sun 27 Apr 2025 22:20:41 INFO  valid result: 
recall@10 : 0.0924    mrr@10 : 0.0304    ndcg@10 : 0.0448    hit@10 : 0.0924    precision@10 : 0.0092
Sun 27 Apr 2025 22:20:41 INFO  Saving current: saved/GCSAN-Apr-27-2025_22-01-30.pth
Sun 27 Apr 2025 22:25:09 INFO  epoch 4 training [time: 268.16s, train loss: 860.2455]
Sun 27 Apr 2025 22:25:12 INFO  epoch 4 evaluating [time: 2.31s, valid_score: 0.056100]
Sun 27 Apr 2025 22:25:12 INFO  valid result: 
recall@10 : 0.1153    mrr@10 : 0.0382    ndcg@10 : 0.0561    hit@10 : 0.1153    precision@10 : 0.0115
Sun 27 Apr 2025 22:25:12 INFO  Saving current: saved/GCSAN-Apr-27-2025_22-01-30.pth
Sun 27 Apr 2025 22:29:39 INFO  epoch 5 training [time: 267.64s, train loss: 838.7872]
Sun 27 Apr 2025 22:29:42 INFO  epoch 5 evaluating [time: 3.16s, valid_score: 0.067300]
Sun 27 Apr 2025 22:29:42 INFO  valid result: 
recall@10 : 0.1387    mrr@10 : 0.0459    ndcg@10 : 0.0673    hit@10 : 0.1387    precision@10 : 0.0139
Sun 27 Apr 2025 22:29:42 INFO  Saving current: saved/GCSAN-Apr-27-2025_22-01-30.pth
Sun 27 Apr 2025 22:34:25 INFO  epoch 6 training [time: 282.83s, train loss: 821.4175]
Sun 27 Apr 2025 22:34:28 INFO  epoch 6 evaluating [time: 2.63s, valid_score: 0.080500]
Sun 27 Apr 2025 22:34:28 INFO  valid result: 
recall@10 : 0.1602    mrr@10 : 0.0565    ndcg@10 : 0.0805    hit@10 : 0.1602    precision@10 : 0.016
Sun 27 Apr 2025 22:34:28 INFO  Saving current: saved/GCSAN-Apr-27-2025_22-01-30.pth
Sun 27 Apr 2025 22:39:41 INFO  epoch 7 training [time: 313.50s, train loss: 803.6810]
Sun 27 Apr 2025 22:39:44 INFO  epoch 7 evaluating [time: 2.98s, valid_score: 0.090000]
Sun 27 Apr 2025 22:39:44 INFO  valid result: 
recall@10 : 0.1763    mrr@10 : 0.064    ndcg@10 : 0.09    hit@10 : 0.1763    precision@10 : 0.0176
Sun 27 Apr 2025 22:39:44 INFO  Saving current: saved/GCSAN-Apr-27-2025_22-01-30.pth
Sun 27 Apr 2025 22:44:06 INFO  epoch 8 training [time: 261.35s, train loss: 790.4436]
Sun 27 Apr 2025 22:44:08 INFO  epoch 8 evaluating [time: 2.42s, valid_score: 0.095200]
Sun 27 Apr 2025 22:44:08 INFO  valid result: 
recall@10 : 0.1852    mrr@10 : 0.0679    ndcg@10 : 0.0952    hit@10 : 0.1852    precision@10 : 0.0185
Sun 27 Apr 2025 22:44:08 INFO  Saving current: saved/GCSAN-Apr-27-2025_22-01-30.pth
Sun 27 Apr 2025 22:48:34 INFO  epoch 9 training [time: 265.86s, train loss: 780.8660]
Sun 27 Apr 2025 22:48:37 INFO  epoch 9 evaluating [time: 2.36s, valid_score: 0.097800]
Sun 27 Apr 2025 22:48:37 INFO  valid result: 
recall@10 : 0.1897    mrr@10 : 0.0701    ndcg@10 : 0.0978    hit@10 : 0.1897    precision@10 : 0.019
Sun 27 Apr 2025 22:48:37 INFO  Saving current: saved/GCSAN-Apr-27-2025_22-01-30.pth
Sun 27 Apr 2025 22:53:20 INFO  epoch 10 training [time: 283.32s, train loss: 773.3987]
Sun 27 Apr 2025 22:53:23 INFO  epoch 10 evaluating [time: 3.52s, valid_score: 0.100000]
Sun 27 Apr 2025 22:53:23 INFO  valid result: 
recall@10 : 0.1934    mrr@10 : 0.0717    ndcg@10 : 0.1    hit@10 : 0.1934    precision@10 : 0.0193
Sun 27 Apr 2025 22:53:23 INFO  Saving current: saved/GCSAN-Apr-27-2025_22-01-30.pth
Sun 27 Apr 2025 22:58:38 INFO  epoch 11 training [time: 315.03s, train loss: 767.3925]
Sun 27 Apr 2025 22:58:42 INFO  epoch 11 evaluating [time: 3.21s, valid_score: 0.105000]
Sun 27 Apr 2025 22:58:42 INFO  valid result: 
recall@10 : 0.2015    mrr@10 : 0.0759    ndcg@10 : 0.105    hit@10 : 0.2015    precision@10 : 0.0202
Sun 27 Apr 2025 22:58:42 INFO  Saving current: saved/GCSAN-Apr-27-2025_22-01-30.pth
Sun 27 Apr 2025 23:03:04 INFO  epoch 12 training [time: 262.12s, train loss: 762.3425]
Sun 27 Apr 2025 23:03:07 INFO  epoch 12 evaluating [time: 2.95s, valid_score: 0.105000]
Sun 27 Apr 2025 23:03:07 INFO  valid result: 
recall@10 : 0.2022    mrr@10 : 0.0757    ndcg@10 : 0.105    hit@10 : 0.2022    precision@10 : 0.0202
Sun 27 Apr 2025 23:03:07 INFO  Saving current: saved/GCSAN-Apr-27-2025_22-01-30.pth
Sun 27 Apr 2025 23:07:32 INFO  epoch 13 training [time: 265.19s, train loss: 757.7515]
Sun 27 Apr 2025 23:07:35 INFO  epoch 13 evaluating [time: 3.22s, valid_score: 0.108200]
Sun 27 Apr 2025 23:07:35 INFO  valid result: 
recall@10 : 0.2066    mrr@10 : 0.0784    ndcg@10 : 0.1082    hit@10 : 0.2066    precision@10 : 0.0207
Sun 27 Apr 2025 23:07:35 INFO  Saving current: saved/GCSAN-Apr-27-2025_22-01-30.pth
Sun 27 Apr 2025 23:12:39 INFO  epoch 14 training [time: 304.02s, train loss: 753.9359]
Sun 27 Apr 2025 23:12:43 INFO  epoch 14 evaluating [time: 3.58s, valid_score: 0.111500]
Sun 27 Apr 2025 23:12:43 INFO  valid result: 
recall@10 : 0.2126    mrr@10 : 0.0811    ndcg@10 : 0.1115    hit@10 : 0.2126    precision@10 : 0.0213
Sun 27 Apr 2025 23:12:43 INFO  Saving current: saved/GCSAN-Apr-27-2025_22-01-30.pth
Sun 27 Apr 2025 23:17:55 INFO  epoch 15 training [time: 311.88s, train loss: 750.4022]
Sun 27 Apr 2025 23:17:58 INFO  epoch 15 evaluating [time: 3.11s, valid_score: 0.110900]
Sun 27 Apr 2025 23:17:58 INFO  valid result: 
recall@10 : 0.2145    mrr@10 : 0.0797    ndcg@10 : 0.1109    hit@10 : 0.2145    precision@10 : 0.0214
Sun 27 Apr 2025 23:22:20 INFO  epoch 16 training [time: 262.31s, train loss: 747.2213]
Sun 27 Apr 2025 23:22:23 INFO  epoch 16 evaluating [time: 2.36s, valid_score: 0.113500]
Sun 27 Apr 2025 23:22:23 INFO  valid result: 
recall@10 : 0.2203    mrr@10 : 0.0813    ndcg@10 : 0.1135    hit@10 : 0.2203    precision@10 : 0.022
Sun 27 Apr 2025 23:22:23 INFO  Saving current: saved/GCSAN-Apr-27-2025_22-01-30.pth
Sun 27 Apr 2025 23:26:44 INFO  epoch 17 training [time: 261.54s, train loss: 744.2869]
Sun 27 Apr 2025 23:26:47 INFO  epoch 17 evaluating [time: 3.21s, valid_score: 0.114900]
Sun 27 Apr 2025 23:26:47 INFO  valid result: 
recall@10 : 0.2229    mrr@10 : 0.0824    ndcg@10 : 0.1149    hit@10 : 0.2229    precision@10 : 0.0223
Sun 27 Apr 2025 23:26:47 INFO  Saving current: saved/GCSAN-Apr-27-2025_22-01-30.pth
Sun 27 Apr 2025 23:32:01 INFO  epoch 18 training [time: 313.91s, train loss: 741.7988]
Sun 27 Apr 2025 23:32:05 INFO  epoch 18 evaluating [time: 3.56s, valid_score: 0.115300]
Sun 27 Apr 2025 23:32:05 INFO  valid result: 
recall@10 : 0.2212    mrr@10 : 0.0834    ndcg@10 : 0.1153    hit@10 : 0.2212    precision@10 : 0.0221
Sun 27 Apr 2025 23:32:05 INFO  Saving current: saved/GCSAN-Apr-27-2025_22-01-30.pth
Sun 27 Apr 2025 23:37:00 INFO  epoch 19 training [time: 294.75s, train loss: 739.2962]
Sun 27 Apr 2025 23:37:03 INFO  epoch 19 evaluating [time: 2.96s, valid_score: 0.118300]
Sun 27 Apr 2025 23:37:03 INFO  valid result: 
recall@10 : 0.2252    mrr@10 : 0.0859    ndcg@10 : 0.1183    hit@10 : 0.2252    precision@10 : 0.0225
Sun 27 Apr 2025 23:37:03 INFO  Saving current: saved/GCSAN-Apr-27-2025_22-01-30.pth
Sun 27 Apr 2025 23:41:20 INFO  epoch 20 training [time: 257.02s, train loss: 737.2367]
Sun 27 Apr 2025 23:41:22 INFO  epoch 20 evaluating [time: 2.32s, valid_score: 0.118600]
Sun 27 Apr 2025 23:41:22 INFO  valid result: 
recall@10 : 0.2261    mrr@10 : 0.0861    ndcg@10 : 0.1186    hit@10 : 0.2261    precision@10 : 0.0226
Sun 27 Apr 2025 23:41:22 INFO  Saving current: saved/GCSAN-Apr-27-2025_22-01-30.pth
Sun 27 Apr 2025 23:45:43 INFO  epoch 21 training [time: 260.53s, train loss: 735.1078]
Sun 27 Apr 2025 23:45:45 INFO  epoch 21 evaluating [time: 2.32s, valid_score: 0.118700]
Sun 27 Apr 2025 23:45:45 INFO  valid result: 
recall@10 : 0.2255    mrr@10 : 0.0865    ndcg@10 : 0.1187    hit@10 : 0.2255    precision@10 : 0.0226
Sun 27 Apr 2025 23:45:45 INFO  Saving current: saved/GCSAN-Apr-27-2025_22-01-30.pth
Sun 27 Apr 2025 23:50:55 INFO  epoch 22 training [time: 310.38s, train loss: 733.3533]
Sun 27 Apr 2025 23:50:59 INFO  epoch 22 evaluating [time: 3.44s, valid_score: 0.119100]
Sun 27 Apr 2025 23:50:59 INFO  valid result: 
recall@10 : 0.223    mrr@10 : 0.0877    ndcg@10 : 0.1191    hit@10 : 0.223    precision@10 : 0.0223
Sun 27 Apr 2025 23:50:59 INFO  Saving current: saved/GCSAN-Apr-27-2025_22-01-30.pth
Sun 27 Apr 2025 23:55:47 INFO  epoch 23 training [time: 287.75s, train loss: 731.6737]
Sun 27 Apr 2025 23:55:49 INFO  epoch 23 evaluating [time: 2.36s, valid_score: 0.118400]
Sun 27 Apr 2025 23:55:49 INFO  valid result: 
recall@10 : 0.2249    mrr@10 : 0.0862    ndcg@10 : 0.1184    hit@10 : 0.2249    precision@10 : 0.0225
Mon 28 Apr 2025 00:00:10 INFO  epoch 24 training [time: 260.86s, train loss: 730.0994]
Mon 28 Apr 2025 00:00:12 INFO  epoch 24 evaluating [time: 2.45s, valid_score: 0.121100]
Mon 28 Apr 2025 00:00:12 INFO  valid result: 
recall@10 : 0.2286    mrr@10 : 0.0886    ndcg@10 : 0.1211    hit@10 : 0.2286    precision@10 : 0.0229
Mon 28 Apr 2025 00:00:12 INFO  Saving current: saved/GCSAN-Apr-27-2025_22-01-30.pth
Mon 28 Apr 2025 00:04:42 INFO  epoch 25 training [time: 269.48s, train loss: 728.7051]
Mon 28 Apr 2025 00:04:44 INFO  epoch 25 evaluating [time: 2.30s, valid_score: 0.120900]
Mon 28 Apr 2025 00:04:44 INFO  valid result: 
recall@10 : 0.2291    mrr@10 : 0.0883    ndcg@10 : 0.1209    hit@10 : 0.2291    precision@10 : 0.0229
Mon 28 Apr 2025 00:10:09 INFO  epoch 26 training [time: 325.18s, train loss: 727.2861]
Mon 28 Apr 2025 00:10:12 INFO  epoch 26 evaluating [time: 2.78s, valid_score: 0.121100]
Mon 28 Apr 2025 00:10:12 INFO  valid result: 
recall@10 : 0.2287    mrr@10 : 0.0886    ndcg@10 : 0.1211    hit@10 : 0.2287    precision@10 : 0.0229
Mon 28 Apr 2025 00:10:12 INFO  Saving current: saved/GCSAN-Apr-27-2025_22-01-30.pth
Mon 28 Apr 2025 00:14:54 INFO  epoch 27 training [time: 281.97s, train loss: 725.9053]
Mon 28 Apr 2025 00:14:57 INFO  epoch 27 evaluating [time: 3.03s, valid_score: 0.122900]
Mon 28 Apr 2025 00:14:57 INFO  valid result: 
recall@10 : 0.2296    mrr@10 : 0.0906    ndcg@10 : 0.1229    hit@10 : 0.2296    precision@10 : 0.023
Mon 28 Apr 2025 00:14:57 INFO  Saving current: saved/GCSAN-Apr-27-2025_22-01-30.pth
Mon 28 Apr 2025 00:19:18 INFO  epoch 28 training [time: 260.40s, train loss: 724.6804]
Mon 28 Apr 2025 00:19:20 INFO  epoch 28 evaluating [time: 2.23s, valid_score: 0.122900]
Mon 28 Apr 2025 00:19:20 INFO  valid result: 
recall@10 : 0.2303    mrr@10 : 0.0905    ndcg@10 : 0.1229    hit@10 : 0.2303    precision@10 : 0.023
Mon 28 Apr 2025 00:19:20 INFO  Saving current: saved/GCSAN-Apr-27-2025_22-01-30.pth
Mon 28 Apr 2025 00:23:43 INFO  epoch 29 training [time: 263.18s, train loss: 723.6686]
Mon 28 Apr 2025 00:23:46 INFO  epoch 29 evaluating [time: 3.41s, valid_score: 0.123300]
Mon 28 Apr 2025 00:23:46 INFO  valid result: 
recall@10 : 0.2294    mrr@10 : 0.0913    ndcg@10 : 0.1233    hit@10 : 0.2294    precision@10 : 0.0229
Mon 28 Apr 2025 00:23:46 INFO  Saving current: saved/GCSAN-Apr-27-2025_22-01-30.pth
Mon 28 Apr 2025 00:29:09 INFO  epoch 30 training [time: 322.11s, train loss: 722.4511]
Mon 28 Apr 2025 00:29:12 INFO  epoch 30 evaluating [time: 3.55s, valid_score: 0.124700]
Mon 28 Apr 2025 00:29:12 INFO  valid result: 
recall@10 : 0.2319    mrr@10 : 0.0922    ndcg@10 : 0.1247    hit@10 : 0.2319    precision@10 : 0.0232
Mon 28 Apr 2025 00:29:12 INFO  Saving current: saved/GCSAN-Apr-27-2025_22-01-30.pth
Mon 28 Apr 2025 00:33:42 INFO  epoch 31 training [time: 270.02s, train loss: 721.6069]
Mon 28 Apr 2025 00:33:45 INFO  epoch 31 evaluating [time: 2.43s, valid_score: 0.122800]
Mon 28 Apr 2025 00:33:45 INFO  valid result: 
recall@10 : 0.2281    mrr@10 : 0.0909    ndcg@10 : 0.1228    hit@10 : 0.2281    precision@10 : 0.0228
Mon 28 Apr 2025 00:38:08 INFO  epoch 32 training [time: 263.49s, train loss: 720.4330]
Mon 28 Apr 2025 00:38:11 INFO  epoch 32 evaluating [time: 2.62s, valid_score: 0.125100]
Mon 28 Apr 2025 00:38:11 INFO  valid result: 
recall@10 : 0.2323    mrr@10 : 0.0927    ndcg@10 : 0.1251    hit@10 : 0.2323    precision@10 : 0.0232
Mon 28 Apr 2025 00:38:11 INFO  Saving current: saved/GCSAN-Apr-27-2025_22-01-30.pth
Mon 28 Apr 2025 00:42:42 INFO  epoch 33 training [time: 270.81s, train loss: 719.5666]
Mon 28 Apr 2025 00:42:45 INFO  epoch 33 evaluating [time: 3.51s, valid_score: 0.126500]
Mon 28 Apr 2025 00:42:45 INFO  valid result: 
recall@10 : 0.2334    mrr@10 : 0.0942    ndcg@10 : 0.1265    hit@10 : 0.2334    precision@10 : 0.0233
Mon 28 Apr 2025 00:42:45 INFO  Saving current: saved/GCSAN-Apr-27-2025_22-01-30.pth
Mon 28 Apr 2025 00:48:17 INFO  epoch 34 training [time: 331.54s, train loss: 718.4835]
Mon 28 Apr 2025 00:48:20 INFO  epoch 34 evaluating [time: 3.47s, valid_score: 0.125600]
Mon 28 Apr 2025 00:48:20 INFO  valid result: 
recall@10 : 0.2339    mrr@10 : 0.0928    ndcg@10 : 0.1256    hit@10 : 0.2339    precision@10 : 0.0234
Mon 28 Apr 2025 00:52:43 INFO  epoch 35 training [time: 262.41s, train loss: 717.6651]
Mon 28 Apr 2025 00:52:45 INFO  epoch 35 evaluating [time: 2.65s, valid_score: 0.127100]
Mon 28 Apr 2025 00:52:45 INFO  valid result: 
recall@10 : 0.2328    mrr@10 : 0.095    ndcg@10 : 0.1271    hit@10 : 0.2328    precision@10 : 0.0233
Mon 28 Apr 2025 00:52:45 INFO  Saving current: saved/GCSAN-Apr-27-2025_22-01-30.pth
Mon 28 Apr 2025 00:57:16 INFO  epoch 36 training [time: 270.37s, train loss: 717.0648]
Mon 28 Apr 2025 00:57:19 INFO  epoch 36 evaluating [time: 3.28s, valid_score: 0.127200]
Mon 28 Apr 2025 00:57:19 INFO  valid result: 
recall@10 : 0.2355    mrr@10 : 0.0946    ndcg@10 : 0.1272    hit@10 : 0.2355    precision@10 : 0.0235
Mon 28 Apr 2025 00:57:19 INFO  Saving current: saved/GCSAN-Apr-27-2025_22-01-30.pth
Mon 28 Apr 2025 01:02:01 INFO  epoch 37 training [time: 282.30s, train loss: 716.3142]
Mon 28 Apr 2025 01:02:05 INFO  epoch 37 evaluating [time: 3.45s, valid_score: 0.127600]
Mon 28 Apr 2025 01:02:05 INFO  valid result: 
recall@10 : 0.2343    mrr@10 : 0.0954    ndcg@10 : 0.1276    hit@10 : 0.2343    precision@10 : 0.0234
Mon 28 Apr 2025 01:02:05 INFO  Saving current: saved/GCSAN-Apr-27-2025_22-01-30.pth
Mon 28 Apr 2025 01:07:24 INFO  epoch 38 training [time: 319.64s, train loss: 715.4693]
Mon 28 Apr 2025 01:07:27 INFO  epoch 38 evaluating [time: 2.31s, valid_score: 0.126000]
Mon 28 Apr 2025 01:07:27 INFO  valid result: 
recall@10 : 0.2321    mrr@10 : 0.0939    ndcg@10 : 0.126    hit@10 : 0.2321    precision@10 : 0.0232
Mon 28 Apr 2025 01:11:52 INFO  epoch 39 training [time: 264.73s, train loss: 714.6570]
Mon 28 Apr 2025 01:11:55 INFO  epoch 39 evaluating [time: 3.11s, valid_score: 0.127800]
Mon 28 Apr 2025 01:11:55 INFO  valid result: 
recall@10 : 0.2361    mrr@10 : 0.0951    ndcg@10 : 0.1278    hit@10 : 0.2361    precision@10 : 0.0236
Mon 28 Apr 2025 01:11:55 INFO  Saving current: saved/GCSAN-Apr-27-2025_22-01-30.pth
Mon 28 Apr 2025 01:16:26 INFO  epoch 40 training [time: 271.71s, train loss: 714.1151]
Mon 28 Apr 2025 01:16:29 INFO  epoch 40 evaluating [time: 3.07s, valid_score: 0.127800]
Mon 28 Apr 2025 01:16:29 INFO  valid result: 
recall@10 : 0.2343    mrr@10 : 0.0956    ndcg@10 : 0.1278    hit@10 : 0.2343    precision@10 : 0.0234
Mon 28 Apr 2025 01:16:33 INFO  Saving current: saved/GCSAN-Apr-27-2025_22-01-30.pth
Mon 28 Apr 2025 01:21:10 INFO  epoch 41 training [time: 276.38s, train loss: 713.4522]
Mon 28 Apr 2025 01:21:13 INFO  epoch 41 evaluating [time: 3.65s, valid_score: 0.127600]
Mon 28 Apr 2025 01:21:13 INFO  valid result: 
recall@10 : 0.2351    mrr@10 : 0.0951    ndcg@10 : 0.1276    hit@10 : 0.2351    precision@10 : 0.0235
Mon 28 Apr 2025 01:26:23 INFO  epoch 42 training [time: 309.42s, train loss: 712.8795]
Mon 28 Apr 2025 01:26:26 INFO  epoch 42 evaluating [time: 3.30s, valid_score: 0.130200]
Mon 28 Apr 2025 01:26:26 INFO  valid result: 
recall@10 : 0.2355    mrr@10 : 0.0983    ndcg@10 : 0.1302    hit@10 : 0.2355    precision@10 : 0.0235
Mon 28 Apr 2025 01:26:26 INFO  Saving current: saved/GCSAN-Apr-27-2025_22-01-30.pth
Mon 28 Apr 2025 01:30:52 INFO  epoch 43 training [time: 266.08s, train loss: 712.1378]
Mon 28 Apr 2025 01:30:55 INFO  epoch 43 evaluating [time: 2.45s, valid_score: 0.129900]
Mon 28 Apr 2025 01:30:55 INFO  valid result: 
recall@10 : 0.2356    mrr@10 : 0.0979    ndcg@10 : 0.1299    hit@10 : 0.2356    precision@10 : 0.0236
Mon 28 Apr 2025 01:35:17 INFO  epoch 44 training [time: 262.36s, train loss: 711.5516]
Mon 28 Apr 2025 01:35:19 INFO  epoch 44 evaluating [time: 2.37s, valid_score: 0.128300]
Mon 28 Apr 2025 01:35:19 INFO  valid result: 
recall@10 : 0.2341    mrr@10 : 0.0963    ndcg@10 : 0.1283    hit@10 : 0.2341    precision@10 : 0.0234
Mon 28 Apr 2025 01:40:01 INFO  epoch 45 training [time: 281.78s, train loss: 711.1405]
Mon 28 Apr 2025 01:40:05 INFO  epoch 45 evaluating [time: 3.54s, valid_score: 0.129700]
Mon 28 Apr 2025 01:40:05 INFO  valid result: 
recall@10 : 0.2366    mrr@10 : 0.0974    ndcg@10 : 0.1297    hit@10 : 0.2366    precision@10 : 0.0237
Mon 28 Apr 2025 01:45:22 INFO  epoch 46 training [time: 316.83s, train loss: 710.5434]
Mon 28 Apr 2025 01:45:24 INFO  epoch 46 evaluating [time: 2.49s, valid_score: 0.128500]
Mon 28 Apr 2025 01:45:24 INFO  valid result: 
recall@10 : 0.2321    mrr@10 : 0.097    ndcg@10 : 0.1285    hit@10 : 0.2321    precision@10 : 0.0232
Mon 28 Apr 2025 01:49:52 INFO  epoch 47 training [time: 267.85s, train loss: 709.9864]
Mon 28 Apr 2025 01:49:55 INFO  epoch 47 evaluating [time: 3.23s, valid_score: 0.129200]
Mon 28 Apr 2025 01:49:55 INFO  valid result: 
recall@10 : 0.2336    mrr@10 : 0.0976    ndcg@10 : 0.1292    hit@10 : 0.2336    precision@10 : 0.0234
Mon 28 Apr 2025 01:54:22 INFO  epoch 48 training [time: 266.23s, train loss: 709.4710]
Mon 28 Apr 2025 01:54:24 INFO  epoch 48 evaluating [time: 2.50s, valid_score: 0.129100]
Mon 28 Apr 2025 01:54:24 INFO  valid result: 
recall@10 : 0.2343    mrr@10 : 0.0972    ndcg@10 : 0.1291    hit@10 : 0.2343    precision@10 : 0.0234
Mon 28 Apr 2025 01:59:20 INFO  epoch 49 training [time: 296.13s, train loss: 709.0792]
Mon 28 Apr 2025 01:59:24 INFO  epoch 49 evaluating [time: 3.61s, valid_score: 0.129600]
Mon 28 Apr 2025 01:59:24 INFO  valid result: 
recall@10 : 0.2346    mrr@10 : 0.0978    ndcg@10 : 0.1296    hit@10 : 0.2346    precision@10 : 0.0235
Mon 28 Apr 2025 02:04:20 INFO  epoch 50 training [time: 296.14s, train loss: 708.6164]
Mon 28 Apr 2025 02:04:23 INFO  epoch 50 evaluating [time: 3.37s, valid_score: 0.129400]
Mon 28 Apr 2025 02:04:23 INFO  valid result: 
recall@10 : 0.235    mrr@10 : 0.0975    ndcg@10 : 0.1294    hit@10 : 0.235    precision@10 : 0.0235
Mon 28 Apr 2025 02:08:47 INFO  epoch 51 training [time: 263.77s, train loss: 708.0202]
Mon 28 Apr 2025 02:08:50 INFO  epoch 51 evaluating [time: 2.94s, valid_score: 0.129400]
Mon 28 Apr 2025 02:08:50 INFO  valid result: 
recall@10 : 0.2351    mrr@10 : 0.0974    ndcg@10 : 0.1294    hit@10 : 0.2351    precision@10 : 0.0235
Mon 28 Apr 2025 02:13:12 INFO  epoch 52 training [time: 261.91s, train loss: 707.4589]
Mon 28 Apr 2025 02:13:15 INFO  epoch 52 evaluating [time: 3.21s, valid_score: 0.131000]
Mon 28 Apr 2025 02:13:15 INFO  valid result: 
recall@10 : 0.2361    mrr@10 : 0.0992    ndcg@10 : 0.131    hit@10 : 0.2361    precision@10 : 0.0236
Mon 28 Apr 2025 02:13:15 INFO  Saving current: saved/GCSAN-Apr-27-2025_22-01-30.pth
Mon 28 Apr 2025 02:18:14 INFO  epoch 53 training [time: 298.55s, train loss: 707.3011]
Mon 28 Apr 2025 02:18:17 INFO  epoch 53 evaluating [time: 3.40s, valid_score: 0.128800]
Mon 28 Apr 2025 02:18:17 INFO  valid result: 
recall@10 : 0.2353    mrr@10 : 0.0966    ndcg@10 : 0.1288    hit@10 : 0.2353    precision@10 : 0.0235
Mon 28 Apr 2025 02:23:06 INFO  epoch 54 training [time: 288.98s, train loss: 706.8756]
Mon 28 Apr 2025 02:23:09 INFO  epoch 54 evaluating [time: 2.69s, valid_score: 0.130800]
Mon 28 Apr 2025 02:23:09 INFO  valid result: 
recall@10 : 0.2373    mrr@10 : 0.0986    ndcg@10 : 0.1308    hit@10 : 0.2373    precision@10 : 0.0237
Mon 28 Apr 2025 02:27:34 INFO  epoch 55 training [time: 265.20s, train loss: 706.5248]
Mon 28 Apr 2025 02:27:37 INFO  epoch 55 evaluating [time: 3.44s, valid_score: 0.130300]
Mon 28 Apr 2025 02:27:38 INFO  valid result: 
recall@10 : 0.2334    mrr@10 : 0.099    ndcg@10 : 0.1303    hit@10 : 0.2334    precision@10 : 0.0233
Mon 28 Apr 2025 02:32:05 INFO  epoch 56 training [time: 267.60s, train loss: 706.0886]
Mon 28 Apr 2025 02:32:08 INFO  epoch 56 evaluating [time: 3.05s, valid_score: 0.131200]
Mon 28 Apr 2025 02:32:08 INFO  valid result: 
recall@10 : 0.2388    mrr@10 : 0.0987    ndcg@10 : 0.1312    hit@10 : 0.2388    precision@10 : 0.0239
Mon 28 Apr 2025 02:32:08 INFO  Saving current: saved/GCSAN-Apr-27-2025_22-01-30.pth
Mon 28 Apr 2025 02:37:17 INFO  epoch 57 training [time: 309.29s, train loss: 705.7293]
Mon 28 Apr 2025 02:37:21 INFO  epoch 57 evaluating [time: 3.62s, valid_score: 0.130500]
Mon 28 Apr 2025 02:37:21 INFO  valid result: 
recall@10 : 0.236    mrr@10 : 0.0986    ndcg@10 : 0.1305    hit@10 : 0.236    precision@10 : 0.0236
Mon 28 Apr 2025 02:41:33 INFO  epoch 58 training [time: 252.02s, train loss: 705.3664]
Mon 28 Apr 2025 02:41:35 INFO  epoch 58 evaluating [time: 2.27s, valid_score: 0.128900]
Mon 28 Apr 2025 02:41:35 INFO  valid result: 
recall@10 : 0.2318    mrr@10 : 0.0977    ndcg@10 : 0.1289    hit@10 : 0.2318    precision@10 : 0.0232
Mon 28 Apr 2025 02:45:15 INFO  epoch 59 training [time: 219.27s, train loss: 704.8143]
Mon 28 Apr 2025 02:45:17 INFO  epoch 59 evaluating [time: 2.20s, valid_score: 0.129400]
Mon 28 Apr 2025 02:45:17 INFO  valid result: 
recall@10 : 0.2334    mrr@10 : 0.0979    ndcg@10 : 0.1294    hit@10 : 0.2334    precision@10 : 0.0233
Mon 28 Apr 2025 02:48:56 INFO  epoch 60 training [time: 219.45s, train loss: 704.8217]
Mon 28 Apr 2025 02:48:58 INFO  epoch 60 evaluating [time: 2.08s, valid_score: 0.129900]
Mon 28 Apr 2025 02:48:58 INFO  valid result: 
recall@10 : 0.2343    mrr@10 : 0.0982    ndcg@10 : 0.1299    hit@10 : 0.2343    precision@10 : 0.0234
Mon 28 Apr 2025 02:52:42 INFO  epoch 61 training [time: 223.40s, train loss: 704.5441]
Mon 28 Apr 2025 02:52:44 INFO  epoch 61 evaluating [time: 2.16s, valid_score: 0.130100]
Mon 28 Apr 2025 02:52:44 INFO  valid result: 
recall@10 : 0.2358    mrr@10 : 0.0981    ndcg@10 : 0.1301    hit@10 : 0.2358    precision@10 : 0.0236
Mon 28 Apr 2025 02:56:26 INFO  epoch 62 training [time: 221.54s, train loss: 704.0202]
Mon 28 Apr 2025 02:56:28 INFO  epoch 62 evaluating [time: 2.76s, valid_score: 0.131900]
Mon 28 Apr 2025 02:56:28 INFO  valid result: 
recall@10 : 0.237    mrr@10 : 0.1001    ndcg@10 : 0.1319    hit@10 : 0.237    precision@10 : 0.0237
Mon 28 Apr 2025 02:56:28 INFO  Saving current: saved/GCSAN-Apr-27-2025_22-01-30.pth
Mon 28 Apr 2025 03:00:08 INFO  epoch 63 training [time: 219.13s, train loss: 703.9373]
Mon 28 Apr 2025 03:00:10 INFO  epoch 63 evaluating [time: 2.32s, valid_score: 0.131800]
Mon 28 Apr 2025 03:00:10 INFO  valid result: 
recall@10 : 0.2366    mrr@10 : 0.1001    ndcg@10 : 0.1318    hit@10 : 0.2366    precision@10 : 0.0237
Mon 28 Apr 2025 03:03:45 INFO  epoch 64 training [time: 214.60s, train loss: 703.4909]
Mon 28 Apr 2025 03:03:47 INFO  epoch 64 evaluating [time: 2.13s, valid_score: 0.130200]
Mon 28 Apr 2025 03:03:47 INFO  valid result: 
recall@10 : 0.2356    mrr@10 : 0.0984    ndcg@10 : 0.1302    hit@10 : 0.2356    precision@10 : 0.0236
Mon 28 Apr 2025 03:07:23 INFO  epoch 65 training [time: 216.10s, train loss: 703.0589]
Mon 28 Apr 2025 03:07:26 INFO  epoch 65 evaluating [time: 3.02s, valid_score: 0.130300]
Mon 28 Apr 2025 03:07:26 INFO  valid result: 
recall@10 : 0.235    mrr@10 : 0.0987    ndcg@10 : 0.1303    hit@10 : 0.235    precision@10 : 0.0235
Mon 28 Apr 2025 03:11:00 INFO  epoch 66 training [time: 214.17s, train loss: 703.0272]
Mon 28 Apr 2025 03:11:02 INFO  epoch 66 evaluating [time: 2.18s, valid_score: 0.129800]
Mon 28 Apr 2025 03:11:02 INFO  valid result: 
recall@10 : 0.2341    mrr@10 : 0.0982    ndcg@10 : 0.1298    hit@10 : 0.2341    precision@10 : 0.0234
Mon 28 Apr 2025 03:14:35 INFO  epoch 67 training [time: 212.55s, train loss: 702.5399]
Mon 28 Apr 2025 03:14:38 INFO  epoch 67 evaluating [time: 3.19s, valid_score: 0.128400]
Mon 28 Apr 2025 03:14:38 INFO  valid result: 
recall@10 : 0.2316    mrr@10 : 0.097    ndcg@10 : 0.1284    hit@10 : 0.2316    precision@10 : 0.0232
Mon 28 Apr 2025 03:18:17 INFO  epoch 68 training [time: 218.58s, train loss: 702.3494]
Mon 28 Apr 2025 03:18:19 INFO  epoch 68 evaluating [time: 2.28s, valid_score: 0.129300]
Mon 28 Apr 2025 03:18:19 INFO  valid result: 
recall@10 : 0.2326    mrr@10 : 0.0979    ndcg@10 : 0.1293    hit@10 : 0.2326    precision@10 : 0.0233
Mon 28 Apr 2025 03:21:56 INFO  epoch 69 training [time: 217.64s, train loss: 702.0884]
Mon 28 Apr 2025 03:21:59 INFO  epoch 69 evaluating [time: 2.21s, valid_score: 0.129200]
Mon 28 Apr 2025 03:21:59 INFO  valid result: 
recall@10 : 0.2338    mrr@10 : 0.0977    ndcg@10 : 0.1292    hit@10 : 0.2338    precision@10 : 0.0234
Mon 28 Apr 2025 03:25:39 INFO  epoch 70 training [time: 220.06s, train loss: 701.7569]
Mon 28 Apr 2025 03:25:42 INFO  epoch 70 evaluating [time: 3.02s, valid_score: 0.130000]
Mon 28 Apr 2025 03:25:42 INFO  valid result: 
recall@10 : 0.237    mrr@10 : 0.0976    ndcg@10 : 0.13    hit@10 : 0.237    precision@10 : 0.0237
Mon 28 Apr 2025 03:29:19 INFO  epoch 71 training [time: 217.59s, train loss: 701.5287]
Mon 28 Apr 2025 03:29:22 INFO  epoch 71 evaluating [time: 2.18s, valid_score: 0.129900]
Mon 28 Apr 2025 03:29:22 INFO  valid result: 
recall@10 : 0.2351    mrr@10 : 0.0981    ndcg@10 : 0.1299    hit@10 : 0.2351    precision@10 : 0.0235
Mon 28 Apr 2025 03:32:59 INFO  epoch 72 training [time: 217.15s, train loss: 701.2195]
Mon 28 Apr 2025 03:33:01 INFO  epoch 72 evaluating [time: 2.24s, valid_score: 0.131800]
Mon 28 Apr 2025 03:33:01 INFO  valid result: 
recall@10 : 0.2358    mrr@10 : 0.1003    ndcg@10 : 0.1318    hit@10 : 0.2358    precision@10 : 0.0236
Mon 28 Apr 2025 03:36:44 INFO  epoch 73 training [time: 222.69s, train loss: 700.8593]
Mon 28 Apr 2025 03:36:46 INFO  epoch 73 evaluating [time: 2.31s, valid_score: 0.129600]
Mon 28 Apr 2025 03:36:46 INFO  valid result: 
recall@10 : 0.2351    mrr@10 : 0.0976    ndcg@10 : 0.1296    hit@10 : 0.2351    precision@10 : 0.0235
Mon 28 Apr 2025 03:36:46 INFO  Finished training, best eval result in epoch 62
Mon 28 Apr 2025 03:36:46 INFO  Loading model structure and parameters from saved/GCSAN-Apr-27-2025_22-01-30.pth
Mon 28 Apr 2025 03:36:49 INFO  The running environment of this training is as follows:
+-------------+------------------+
| Environment |      Usage       |
+=============+==================+
| CPU         |      3.30 %      |
+-------------+------------------+
| GPU         |  6.24 G/31.60 G  |
+-------------+------------------+
| Memory      | 2.44 G/1007.52 G |
+-------------+------------------+
Mon 28 Apr 2025 03:36:49 INFO  best valid : OrderedDict([('recall@10', 0.237), ('mrr@10', 0.1001), ('ndcg@10', 0.1319), ('hit@10', 0.237), ('precision@10', 0.0237)])
Mon 28 Apr 2025 03:36:49 INFO  test result: OrderedDict([('recall@10', 0.2306), ('mrr@10', 0.0989), ('ndcg@10', 0.1297), ('hit@10', 0.2306), ('precision@10', 0.0231)])
